CRITICAL - 2025-04-16 02:54:14 --> CodeIgniter\Database\Exceptions\DataException: Allowed fields must be specified for model: "App\Models\AdminModel"
[Method: PUT, Route: api/admin/update/1]
in SYSTEMPATH\BaseModel.php on line 1338.
 1 SYSTEMPATH\BaseModel.php(1338): CodeIgniter\Database\Exceptions\DataException::forInvalidAllowedFields('App\\Models\\AdminModel')
 2 SYSTEMPATH\BaseModel.php(1005): CodeIgniter\BaseModel->doProtectFields([...])
 3 SYSTEMPATH\Model.php(863): CodeIgniter\BaseModel->update([...], [...])
 4 APPPATH\Controllers\Admin.php(42): CodeIgniter\Model->update('1', [...])
 5 SYSTEMPATH\CodeIgniter.php(933): App\Controllers\Admin->update('1')
 6 SYSTEMPATH\CodeIgniter.php(507): CodeIgniter\CodeIgniter->runController(Object(App\Controllers\Admin))
 7 SYSTEMPATH\CodeIgniter.php(354): CodeIgniter\CodeIgniter->handleRequest(null, Object(Config\Cache), false)
 8 SYSTEMPATH\Boot.php(334): CodeIgniter\CodeIgniter->run()
 9 SYSTEMPATH\Boot.php(67): CodeIgniter\Boot::runCodeIgniter(Object(CodeIgniter\CodeIgniter))
10 FCPATH\index.php(56): CodeIgniter\Boot::bootWeb(Object(Config\Paths))
11 SYSTEMPATH\rewrite.php(44): require_once('C:\\laragon\\www\\sistem_penilaian_dosen\\public\\index.php')
CRITICAL - 2025-04-16 02:54:20 --> CodeIgniter\Database\Exceptions\DataException: Allowed fields must be specified for model: "App\Models\AdminModel"
[Method: PUT, Route: api/admin/update/1]
in SYSTEMPATH\BaseModel.php on line 1338.
 1 SYSTEMPATH\BaseModel.php(1338): CodeIgniter\Database\Exceptions\DataException::forInvalidAllowedFields('App\\Models\\AdminModel')
 2 SYSTEMPATH\BaseModel.php(1005): CodeIgniter\BaseModel->doProtectFields([...])
 3 SYSTEMPATH\Model.php(863): CodeIgniter\BaseModel->update([...], [...])
 4 APPPATH\Controllers\Admin.php(42): CodeIgniter\Model->update('1', [...])
 5 SYSTEMPATH\CodeIgniter.php(933): App\Controllers\Admin->update('1')
 6 SYSTEMPATH\CodeIgniter.php(507): CodeIgniter\CodeIgniter->runController(Object(App\Controllers\Admin))
 7 SYSTEMPATH\CodeIgniter.php(354): CodeIgniter\CodeIgniter->handleRequest(null, Object(Config\Cache), false)
 8 SYSTEMPATH\Boot.php(334): CodeIgniter\CodeIgniter->run()
 9 SYSTEMPATH\Boot.php(67): CodeIgniter\Boot::runCodeIgniter(Object(CodeIgniter\CodeIgniter))
10 FCPATH\index.php(56): CodeIgniter\Boot::bootWeb(Object(Config\Paths))
11 SYSTEMPATH\rewrite.php(44): require_once('C:\\laragon\\www\\sistem_penilaian_dosen\\public\\index.php')
CRITICAL - 2025-04-16 02:54:33 --> CodeIgniter\Database\Exceptions\DataException: Allowed fields must be specified for model: "App\Models\AdminModel"
[Method: PUT, Route: api/admin/update/1]
in SYSTEMPATH\BaseModel.php on line 1338.
 1 SYSTEMPATH\BaseModel.php(1338): CodeIgniter\Database\Exceptions\DataException::forInvalidAllowedFields('App\\Models\\AdminModel')
 2 SYSTEMPATH\BaseModel.php(1005): CodeIgniter\BaseModel->doProtectFields([...])
 3 SYSTEMPATH\Model.php(863): CodeIgniter\BaseModel->update([...], [...])
 4 APPPATH\Controllers\Admin.php(42): CodeIgniter\Model->update('1', [...])
 5 SYSTEMPATH\CodeIgniter.php(933): App\Controllers\Admin->update('1')
 6 SYSTEMPATH\CodeIgniter.php(507): CodeIgniter\CodeIgniter->runController(Object(App\Controllers\Admin))
 7 SYSTEMPATH\CodeIgniter.php(354): CodeIgniter\CodeIgniter->handleRequest(null, Object(Config\Cache), false)
 8 SYSTEMPATH\Boot.php(334): CodeIgniter\CodeIgniter->run()
 9 SYSTEMPATH\Boot.php(67): CodeIgniter\Boot::runCodeIgniter(Object(CodeIgniter\CodeIgniter))
10 FCPATH\index.php(56): CodeIgniter\Boot::bootWeb(Object(Config\Paths))
11 SYSTEMPATH\rewrite.php(44): require_once('C:\\laragon\\www\\sistem_penilaian_dosen\\public\\index.php')
CRITICAL - 2025-04-16 07:46:49 --> ErrorException: Undefined property: stdClass::$id_prodi
[Method: PUT, Route: api/mahasiswa/update/1]
in APPPATH\Controllers\Mahasiswa.php on line 60.
 1 APPPATH\Controllers\Mahasiswa.php(60): CodeIgniter\Debug\Exceptions->errorHandler(2, 'Undefined property: stdClass::$id_prodi', 'C:\\laragon\\www\\sistem_penilaian_dosen\\app\\Controllers\\Mahasiswa.php', 60)
 2 SYSTEMPATH\CodeIgniter.php(933): App\Controllers\Mahasiswa->update('1')
 3 SYSTEMPATH\CodeIgniter.php(507): CodeIgniter\CodeIgniter->runController(Object(App\Controllers\Mahasiswa))
 4 SYSTEMPATH\CodeIgniter.php(354): CodeIgniter\CodeIgniter->handleRequest(null, Object(Config\Cache), false)
 5 SYSTEMPATH\Boot.php(334): CodeIgniter\CodeIgniter->run()
 6 SYSTEMPATH\Boot.php(67): CodeIgniter\Boot::runCodeIgniter(Object(CodeIgniter\CodeIgniter))
 7 FCPATH\index.php(56): CodeIgniter\Boot::bootWeb(Object(Config\Paths))
 8 SYSTEMPATH\rewrite.php(44): require_once('C:\\laragon\\www\\sistem_penilaian_dosen\\public\\index.php')
CRITICAL - 2025-04-16 07:47:10 --> ErrorException: Undefined property: stdClass::$id_prodi
[Method: PUT, Route: api/mahasiswa/update/1]
in APPPATH\Controllers\Mahasiswa.php on line 60.
 1 APPPATH\Controllers\Mahasiswa.php(60): CodeIgniter\Debug\Exceptions->errorHandler(2, 'Undefined property: stdClass::$id_prodi', 'C:\\laragon\\www\\sistem_penilaian_dosen\\app\\Controllers\\Mahasiswa.php', 60)
 2 SYSTEMPATH\CodeIgniter.php(933): App\Controllers\Mahasiswa->update('1')
 3 SYSTEMPATH\CodeIgniter.php(507): CodeIgniter\CodeIgniter->runController(Object(App\Controllers\Mahasiswa))
 4 SYSTEMPATH\CodeIgniter.php(354): CodeIgniter\CodeIgniter->handleRequest(null, Object(Config\Cache), false)
 5 SYSTEMPATH\Boot.php(334): CodeIgniter\CodeIgniter->run()
 6 SYSTEMPATH\Boot.php(67): CodeIgniter\Boot::runCodeIgniter(Object(CodeIgniter\CodeIgniter))
 7 FCPATH\index.php(56): CodeIgniter\Boot::bootWeb(Object(Config\Paths))
 8 SYSTEMPATH\rewrite.php(44): require_once('C:\\laragon\\www\\sistem_penilaian_dosen\\public\\index.php')
CRITICAL - 2025-04-16 08:42:22 --> CodeIgniter\HTTP\Exceptions\HTTPException: Failed to parse JSON string. Error: Syntax error
[Method: POST, Route: api/matkul/create]
in SYSTEMPATH\HTTP\IncomingRequest.php on line 537.
 1 SYSTEMPATH\HTTP\IncomingRequest.php(537): CodeIgniter\HTTP\Exceptions\HTTPException::forInvalidJSON('Syntax error')
 2 SYSTEMPATH\HTTP\IncomingRequest.php(557): CodeIgniter\HTTP\IncomingRequest->getJSON(true)
 3 SYSTEMPATH\HTTP\IncomingRequest.php(505): CodeIgniter\HTTP\IncomingRequest->getJsonVar('nama_matkul', false, null, null)
 4 APPPATH\Controllers\Matkul.php(26): CodeIgniter\HTTP\IncomingRequest->getVar('nama_matkul')
 5 SYSTEMPATH\CodeIgniter.php(933): App\Controllers\Matkul->create()
 6 SYSTEMPATH\CodeIgniter.php(507): CodeIgniter\CodeIgniter->runController(Object(App\Controllers\Matkul))
 7 SYSTEMPATH\CodeIgniter.php(354): CodeIgniter\CodeIgniter->handleRequest(null, Object(Config\Cache), false)
 8 SYSTEMPATH\Boot.php(334): CodeIgniter\CodeIgniter->run()
 9 SYSTEMPATH\Boot.php(67): CodeIgniter\Boot::runCodeIgniter(Object(CodeIgniter\CodeIgniter))
10 FCPATH\index.php(56): CodeIgniter\Boot::bootWeb(Object(Config\Paths))
11 SYSTEMPATH\rewrite.php(44): require_once('C:\\laragon\\www\\sistem_penilaian_dosen\\public\\index.php')
ERROR - 2025-04-16 08:52:19 --> mysqli_sql_exception: Cannot add or update a child row: a foreign key constraint fails (`pbf_kinerja`.`mahasiswa`, CONSTRAINT `mahasiswa_id_prodi_foreign` FOREIGN KEY (`id_prodi`) REFERENCES `prodi` (`id_prodi`) ON DELETE CASCADE ON UPDATE CASCADE) in C:\laragon\www\sistem_penilaian_dosen\system\Database\MySQLi\Connection.php:327
Stack trace:
#0 C:\laragon\www\sistem_penilaian_dosen\system\Database\MySQLi\Connection.php(327): mysqli->query('INSERT INTO `ma...', 0)
#1 C:\laragon\www\sistem_penilaian_dosen\system\Database\BaseConnection.php(738): CodeIgniter\Database\MySQLi\Connection->execute('INSERT INTO `ma...')
#2 C:\laragon\www\sistem_penilaian_dosen\system\Database\BaseConnection.php(652): CodeIgniter\Database\BaseConnection->simpleQuery('INSERT INTO `ma...')
#3 C:\laragon\www\sistem_penilaian_dosen\system\Database\BaseBuilder.php(2345): CodeIgniter\Database\BaseConnection->query('INSERT INTO `ma...', Array, false)
#4 C:\laragon\www\sistem_penilaian_dosen\system\Model.php(394): CodeIgniter\Database\BaseBuilder->insert()
#5 C:\laragon\www\sistem_penilaian_dosen\system\BaseModel.php(839): CodeIgniter\Model->doInsert(Array)
#6 C:\laragon\www\sistem_penilaian_dosen\system\Model.php(800): CodeIgniter\BaseModel->insert(Array, true)
#7 C:\laragon\www\sistem_penilaian_dosen\app\Controllers\Mahasiswa.php(36): CodeIgniter\Model->insert(Array)
#8 C:\laragon\www\sistem_penilaian_dosen\system\CodeIgniter.php(933): App\Controllers\Mahasiswa->create()
#9 C:\laragon\www\sistem_penilaian_dosen\system\CodeIgniter.php(507): CodeIgniter\CodeIgniter->runController(Object(App\Controllers\Mahasiswa))
#10 C:\laragon\www\sistem_penilaian_dosen\system\CodeIgniter.php(354): CodeIgniter\CodeIgniter->handleRequest(NULL, Object(Config\Cache), false)
#11 C:\laragon\www\sistem_penilaian_dosen\system\Boot.php(334): CodeIgniter\CodeIgniter->run()
#12 C:\laragon\www\sistem_penilaian_dosen\system\Boot.php(67): CodeIgniter\Boot::runCodeIgniter(Object(CodeIgniter\CodeIgniter))
#13 C:\laragon\www\sistem_penilaian_dosen\public\index.php(56): CodeIgniter\Boot::bootWeb(Object(Config\Paths))
#14 C:\laragon\www\sistem_penilaian_dosen\system\rewrite.php(44): require_once('C:\\laragon\\www\\...')
#15 {main}
CRITICAL - 2025-04-16 08:52:19 --> CodeIgniter\Database\Exceptions\DatabaseException: Cannot add or update a child row: a foreign key constraint fails (`pbf_kinerja`.`mahasiswa`, CONSTRAINT `mahasiswa_id_prodi_foreign` FOREIGN KEY (`id_prodi`) REFERENCES `prodi` (`id_prodi`) ON DELETE CASCADE ON UPDATE CASCADE)
[Method: POST, Route: api/mahasiswa/create]
in SYSTEMPATH\Database\BaseConnection.php on line 692.
 1 SYSTEMPATH\Database\BaseBuilder.php(2345): CodeIgniter\Database\BaseConnection->query('INSERT INTO `mahasiswa` (`npm`, `password`, `nama_mhs`, `kelas`, `id_prodi`) VALUES (:npm:, :password:, :nama_mhs:, :kelas:, :id_prodi:)', [...], false)
 2 SYSTEMPATH\Model.php(394): CodeIgniter\Database\BaseBuilder->insert()
 3 SYSTEMPATH\BaseModel.php(839): CodeIgniter\Model->doInsert([...])
 4 SYSTEMPATH\Model.php(800): CodeIgniter\BaseModel->insert([...], true)
 5 APPPATH\Controllers\Mahasiswa.php(36): CodeIgniter\Model->insert([...])
 6 SYSTEMPATH\CodeIgniter.php(933): App\Controllers\Mahasiswa->create()
 7 SYSTEMPATH\CodeIgniter.php(507): CodeIgniter\CodeIgniter->runController(Object(App\Controllers\Mahasiswa))
 8 SYSTEMPATH\CodeIgniter.php(354): CodeIgniter\CodeIgniter->handleRequest(null, Object(Config\Cache), false)
 9 SYSTEMPATH\Boot.php(334): CodeIgniter\CodeIgniter->run()
10 SYSTEMPATH\Boot.php(67): CodeIgniter\Boot::runCodeIgniter(Object(CodeIgniter\CodeIgniter))
11 FCPATH\index.php(56): CodeIgniter\Boot::bootWeb(Object(Config\Paths))
12 SYSTEMPATH\rewrite.php(44): require_once('C:\\laragon\\www\\sistem_penilaian_dosen\\public\\index.php')
CRITICAL - 2025-04-16 08:52:19 --> [Caused by] CodeIgniter\Database\Exceptions\DatabaseException: Cannot add or update a child row: a foreign key constraint fails (`pbf_kinerja`.`mahasiswa`, CONSTRAINT `mahasiswa_id_prodi_foreign` FOREIGN KEY (`id_prodi`) REFERENCES `prodi` (`id_prodi`) ON DELETE CASCADE ON UPDATE CASCADE)
in SYSTEMPATH\Database\MySQLi\Connection.php on line 332.
 1 SYSTEMPATH\Database\BaseConnection.php(738): CodeIgniter\Database\MySQLi\Connection->execute('INSERT INTO `mahasiswa` (`npm`, `password`, `nama_mhs`, `kelas`, `id_prodi`) VALUES (\'230108800\', \'password123\', \'Alip\', \'TI 2D\', \'2\')')
 2 SYSTEMPATH\Database\BaseConnection.php(652): CodeIgniter\Database\BaseConnection->simpleQuery('INSERT INTO `mahasiswa` (`npm`, `password`, `nama_mhs`, `kelas`, `id_prodi`) VALUES (\'230108800\', \'password123\', \'Alip\', \'TI 2D\', \'2\')')
 3 SYSTEMPATH\Database\BaseBuilder.php(2345): CodeIgniter\Database\BaseConnection->query('INSERT INTO `mahasiswa` (`npm`, `password`, `nama_mhs`, `kelas`, `id_prodi`) VALUES (:npm:, :password:, :nama_mhs:, :kelas:, :id_prodi:)', [...], false)
 4 SYSTEMPATH\Model.php(394): CodeIgniter\Database\BaseBuilder->insert()
 5 SYSTEMPATH\BaseModel.php(839): CodeIgniter\Model->doInsert([...])
 6 SYSTEMPATH\Model.php(800): CodeIgniter\BaseModel->insert([...], true)
 7 APPPATH\Controllers\Mahasiswa.php(36): CodeIgniter\Model->insert([...])
 8 SYSTEMPATH\CodeIgniter.php(933): App\Controllers\Mahasiswa->create()
 9 SYSTEMPATH\CodeIgniter.php(507): CodeIgniter\CodeIgniter->runController(Object(App\Controllers\Mahasiswa))
10 SYSTEMPATH\CodeIgniter.php(354): CodeIgniter\CodeIgniter->handleRequest(null, Object(Config\Cache), false)
11 SYSTEMPATH\Boot.php(334): CodeIgniter\CodeIgniter->run()
12 SYSTEMPATH\Boot.php(67): CodeIgniter\Boot::runCodeIgniter(Object(CodeIgniter\CodeIgniter))
13 FCPATH\index.php(56): CodeIgniter\Boot::bootWeb(Object(Config\Paths))
14 SYSTEMPATH\rewrite.php(44): require_once('C:\\laragon\\www\\sistem_penilaian_dosen\\public\\index.php')
CRITICAL - 2025-04-16 08:52:19 --> [Caused by] mysqli_sql_exception: Cannot add or update a child row: a foreign key constraint fails (`pbf_kinerja`.`mahasiswa`, CONSTRAINT `mahasiswa_id_prodi_foreign` FOREIGN KEY (`id_prodi`) REFERENCES `prodi` (`id_prodi`) ON DELETE CASCADE ON UPDATE CASCADE)
in SYSTEMPATH\Database\MySQLi\Connection.php on line 327.
 1 SYSTEMPATH\Database\MySQLi\Connection.php(327): mysqli->query('INSERT INTO `mahasiswa` (`npm`, `password`, `nama_mhs`, `kelas`, `id_prodi`) VALUES (\'230108800\', \'password123\', \'Alip\', \'TI 2D\', \'2\')', 0)
 2 SYSTEMPATH\Database\BaseConnection.php(738): CodeIgniter\Database\MySQLi\Connection->execute('INSERT INTO `mahasiswa` (`npm`, `password`, `nama_mhs`, `kelas`, `id_prodi`) VALUES (\'230108800\', \'password123\', \'Alip\', \'TI 2D\', \'2\')')
 3 SYSTEMPATH\Database\BaseConnection.php(652): CodeIgniter\Database\BaseConnection->simpleQuery('INSERT INTO `mahasiswa` (`npm`, `password`, `nama_mhs`, `kelas`, `id_prodi`) VALUES (\'230108800\', \'password123\', \'Alip\', \'TI 2D\', \'2\')')
 4 SYSTEMPATH\Database\BaseBuilder.php(2345): CodeIgniter\Database\BaseConnection->query('INSERT INTO `mahasiswa` (`npm`, `password`, `nama_mhs`, `kelas`, `id_prodi`) VALUES (:npm:, :password:, :nama_mhs:, :kelas:, :id_prodi:)', [...], false)
 5 SYSTEMPATH\Model.php(394): CodeIgniter\Database\BaseBuilder->insert()
 6 SYSTEMPATH\BaseModel.php(839): CodeIgniter\Model->doInsert([...])
 7 SYSTEMPATH\Model.php(800): CodeIgniter\BaseModel->insert([...], true)
 8 APPPATH\Controllers\Mahasiswa.php(36): CodeIgniter\Model->insert([...])
 9 SYSTEMPATH\CodeIgniter.php(933): App\Controllers\Mahasiswa->create()
10 SYSTEMPATH\CodeIgniter.php(507): CodeIgniter\CodeIgniter->runController(Object(App\Controllers\Mahasiswa))
11 SYSTEMPATH\CodeIgniter.php(354): CodeIgniter\CodeIgniter->handleRequest(null, Object(Config\Cache), false)
12 SYSTEMPATH\Boot.php(334): CodeIgniter\CodeIgniter->run()
13 SYSTEMPATH\Boot.php(67): CodeIgniter\Boot::runCodeIgniter(Object(CodeIgniter\CodeIgniter))
14 FCPATH\index.php(56): CodeIgniter\Boot::bootWeb(Object(Config\Paths))
15 SYSTEMPATH\rewrite.php(44): require_once('C:\\laragon\\www\\sistem_penilaian_dosen\\public\\index.php')
ERROR - 2025-04-16 08:52:27 --> mysqli_sql_exception: Cannot add or update a child row: a foreign key constraint fails (`pbf_kinerja`.`mahasiswa`, CONSTRAINT `mahasiswa_id_prodi_foreign` FOREIGN KEY (`id_prodi`) REFERENCES `prodi` (`id_prodi`) ON DELETE CASCADE ON UPDATE CASCADE) in C:\laragon\www\sistem_penilaian_dosen\system\Database\MySQLi\Connection.php:327
Stack trace:
#0 C:\laragon\www\sistem_penilaian_dosen\system\Database\MySQLi\Connection.php(327): mysqli->query('INSERT INTO `ma...', 0)
#1 C:\laragon\www\sistem_penilaian_dosen\system\Database\BaseConnection.php(738): CodeIgniter\Database\MySQLi\Connection->execute('INSERT INTO `ma...')
#2 C:\laragon\www\sistem_penilaian_dosen\system\Database\BaseConnection.php(652): CodeIgniter\Database\BaseConnection->simpleQuery('INSERT INTO `ma...')
#3 C:\laragon\www\sistem_penilaian_dosen\system\Database\BaseBuilder.php(2345): CodeIgniter\Database\BaseConnection->query('INSERT INTO `ma...', Array, false)
#4 C:\laragon\www\sistem_penilaian_dosen\system\Model.php(394): CodeIgniter\Database\BaseBuilder->insert()
#5 C:\laragon\www\sistem_penilaian_dosen\system\BaseModel.php(839): CodeIgniter\Model->doInsert(Array)
#6 C:\laragon\www\sistem_penilaian_dosen\system\Model.php(800): CodeIgniter\BaseModel->insert(Array, true)
#7 C:\laragon\www\sistem_penilaian_dosen\app\Controllers\Mahasiswa.php(36): CodeIgniter\Model->insert(Array)
#8 C:\laragon\www\sistem_penilaian_dosen\system\CodeIgniter.php(933): App\Controllers\Mahasiswa->create()
#9 C:\laragon\www\sistem_penilaian_dosen\system\CodeIgniter.php(507): CodeIgniter\CodeIgniter->runController(Object(App\Controllers\Mahasiswa))
#10 C:\laragon\www\sistem_penilaian_dosen\system\CodeIgniter.php(354): CodeIgniter\CodeIgniter->handleRequest(NULL, Object(Config\Cache), false)
#11 C:\laragon\www\sistem_penilaian_dosen\system\Boot.php(334): CodeIgniter\CodeIgniter->run()
#12 C:\laragon\www\sistem_penilaian_dosen\system\Boot.php(67): CodeIgniter\Boot::runCodeIgniter(Object(CodeIgniter\CodeIgniter))
#13 C:\laragon\www\sistem_penilaian_dosen\public\index.php(56): CodeIgniter\Boot::bootWeb(Object(Config\Paths))
#14 C:\laragon\www\sistem_penilaian_dosen\system\rewrite.php(44): require_once('C:\\laragon\\www\\...')
#15 {main}
CRITICAL - 2025-04-16 08:52:27 --> CodeIgniter\Database\Exceptions\DatabaseException: Cannot add or update a child row: a foreign key constraint fails (`pbf_kinerja`.`mahasiswa`, CONSTRAINT `mahasiswa_id_prodi_foreign` FOREIGN KEY (`id_prodi`) REFERENCES `prodi` (`id_prodi`) ON DELETE CASCADE ON UPDATE CASCADE)
[Method: POST, Route: api/mahasiswa/create]
in SYSTEMPATH\Database\BaseConnection.php on line 692.
 1 SYSTEMPATH\Database\BaseBuilder.php(2345): CodeIgniter\Database\BaseConnection->query('INSERT INTO `mahasiswa` (`npm`, `password`, `nama_mhs`, `kelas`, `id_prodi`) VALUES (:npm:, :password:, :nama_mhs:, :kelas:, :id_prodi:)', [...], false)
 2 SYSTEMPATH\Model.php(394): CodeIgniter\Database\BaseBuilder->insert()
 3 SYSTEMPATH\BaseModel.php(839): CodeIgniter\Model->doInsert([...])
 4 SYSTEMPATH\Model.php(800): CodeIgniter\BaseModel->insert([...], true)
 5 APPPATH\Controllers\Mahasiswa.php(36): CodeIgniter\Model->insert([...])
 6 SYSTEMPATH\CodeIgniter.php(933): App\Controllers\Mahasiswa->create()
 7 SYSTEMPATH\CodeIgniter.php(507): CodeIgniter\CodeIgniter->runController(Object(App\Controllers\Mahasiswa))
 8 SYSTEMPATH\CodeIgniter.php(354): CodeIgniter\CodeIgniter->handleRequest(null, Object(Config\Cache), false)
 9 SYSTEMPATH\Boot.php(334): CodeIgniter\CodeIgniter->run()
10 SYSTEMPATH\Boot.php(67): CodeIgniter\Boot::runCodeIgniter(Object(CodeIgniter\CodeIgniter))
11 FCPATH\index.php(56): CodeIgniter\Boot::bootWeb(Object(Config\Paths))
12 SYSTEMPATH\rewrite.php(44): require_once('C:\\laragon\\www\\sistem_penilaian_dosen\\public\\index.php')
CRITICAL - 2025-04-16 08:52:27 --> [Caused by] CodeIgniter\Database\Exceptions\DatabaseException: Cannot add or update a child row: a foreign key constraint fails (`pbf_kinerja`.`mahasiswa`, CONSTRAINT `mahasiswa_id_prodi_foreign` FOREIGN KEY (`id_prodi`) REFERENCES `prodi` (`id_prodi`) ON DELETE CASCADE ON UPDATE CASCADE)
in SYSTEMPATH\Database\MySQLi\Connection.php on line 332.
 1 SYSTEMPATH\Database\BaseConnection.php(738): CodeIgniter\Database\MySQLi\Connection->execute('INSERT INTO `mahasiswa` (`npm`, `password`, `nama_mhs`, `kelas`, `id_prodi`) VALUES (\'230108800\', \'password123\', \'Alip\', \'TI 2D\', \'2\')')
 2 SYSTEMPATH\Database\BaseConnection.php(652): CodeIgniter\Database\BaseConnection->simpleQuery('INSERT INTO `mahasiswa` (`npm`, `password`, `nama_mhs`, `kelas`, `id_prodi`) VALUES (\'230108800\', \'password123\', \'Alip\', \'TI 2D\', \'2\')')
 3 SYSTEMPATH\Database\BaseBuilder.php(2345): CodeIgniter\Database\BaseConnection->query('INSERT INTO `mahasiswa` (`npm`, `password`, `nama_mhs`, `kelas`, `id_prodi`) VALUES (:npm:, :password:, :nama_mhs:, :kelas:, :id_prodi:)', [...], false)
 4 SYSTEMPATH\Model.php(394): CodeIgniter\Database\BaseBuilder->insert()
 5 SYSTEMPATH\BaseModel.php(839): CodeIgniter\Model->doInsert([...])
 6 SYSTEMPATH\Model.php(800): CodeIgniter\BaseModel->insert([...], true)
 7 APPPATH\Controllers\Mahasiswa.php(36): CodeIgniter\Model->insert([...])
 8 SYSTEMPATH\CodeIgniter.php(933): App\Controllers\Mahasiswa->create()
 9 SYSTEMPATH\CodeIgniter.php(507): CodeIgniter\CodeIgniter->runController(Object(App\Controllers\Mahasiswa))
10 SYSTEMPATH\CodeIgniter.php(354): CodeIgniter\CodeIgniter->handleRequest(null, Object(Config\Cache), false)
11 SYSTEMPATH\Boot.php(334): CodeIgniter\CodeIgniter->run()
12 SYSTEMPATH\Boot.php(67): CodeIgniter\Boot::runCodeIgniter(Object(CodeIgniter\CodeIgniter))
13 FCPATH\index.php(56): CodeIgniter\Boot::bootWeb(Object(Config\Paths))
14 SYSTEMPATH\rewrite.php(44): require_once('C:\\laragon\\www\\sistem_penilaian_dosen\\public\\index.php')
CRITICAL - 2025-04-16 08:52:27 --> [Caused by] mysqli_sql_exception: Cannot add or update a child row: a foreign key constraint fails (`pbf_kinerja`.`mahasiswa`, CONSTRAINT `mahasiswa_id_prodi_foreign` FOREIGN KEY (`id_prodi`) REFERENCES `prodi` (`id_prodi`) ON DELETE CASCADE ON UPDATE CASCADE)
in SYSTEMPATH\Database\MySQLi\Connection.php on line 327.
 1 SYSTEMPATH\Database\MySQLi\Connection.php(327): mysqli->query('INSERT INTO `mahasiswa` (`npm`, `password`, `nama_mhs`, `kelas`, `id_prodi`) VALUES (\'230108800\', \'password123\', \'Alip\', \'TI 2D\', \'2\')', 0)
 2 SYSTEMPATH\Database\BaseConnection.php(738): CodeIgniter\Database\MySQLi\Connection->execute('INSERT INTO `mahasiswa` (`npm`, `password`, `nama_mhs`, `kelas`, `id_prodi`) VALUES (\'230108800\', \'password123\', \'Alip\', \'TI 2D\', \'2\')')
 3 SYSTEMPATH\Database\BaseConnection.php(652): CodeIgniter\Database\BaseConnection->simpleQuery('INSERT INTO `mahasiswa` (`npm`, `password`, `nama_mhs`, `kelas`, `id_prodi`) VALUES (\'230108800\', \'password123\', \'Alip\', \'TI 2D\', \'2\')')
 4 SYSTEMPATH\Database\BaseBuilder.php(2345): CodeIgniter\Database\BaseConnection->query('INSERT INTO `mahasiswa` (`npm`, `password`, `nama_mhs`, `kelas`, `id_prodi`) VALUES (:npm:, :password:, :nama_mhs:, :kelas:, :id_prodi:)', [...], false)
 5 SYSTEMPATH\Model.php(394): CodeIgniter\Database\BaseBuilder->insert()
 6 SYSTEMPATH\BaseModel.php(839): CodeIgniter\Model->doInsert([...])
 7 SYSTEMPATH\Model.php(800): CodeIgniter\BaseModel->insert([...], true)
 8 APPPATH\Controllers\Mahasiswa.php(36): CodeIgniter\Model->insert([...])
 9 SYSTEMPATH\CodeIgniter.php(933): App\Controllers\Mahasiswa->create()
10 SYSTEMPATH\CodeIgniter.php(507): CodeIgniter\CodeIgniter->runController(Object(App\Controllers\Mahasiswa))
11 SYSTEMPATH\CodeIgniter.php(354): CodeIgniter\CodeIgniter->handleRequest(null, Object(Config\Cache), false)
12 SYSTEMPATH\Boot.php(334): CodeIgniter\CodeIgniter->run()
13 SYSTEMPATH\Boot.php(67): CodeIgniter\Boot::runCodeIgniter(Object(CodeIgniter\CodeIgniter))
14 FCPATH\index.php(56): CodeIgniter\Boot::bootWeb(Object(Config\Paths))
15 SYSTEMPATH\rewrite.php(44): require_once('C:\\laragon\\www\\sistem_penilaian_dosen\\public\\index.php')
ERROR - 2025-04-16 08:53:56 --> mysqli_sql_exception: Cannot add or update a child row: a foreign key constraint fails (`pbf_kinerja`.`mahasiswa`, CONSTRAINT `mahasiswa_id_prodi_foreign` FOREIGN KEY (`id_prodi`) REFERENCES `prodi` (`id_prodi`) ON DELETE CASCADE ON UPDATE CASCADE) in C:\laragon\www\sistem_penilaian_dosen\system\Database\MySQLi\Connection.php:327
Stack trace:
#0 C:\laragon\www\sistem_penilaian_dosen\system\Database\MySQLi\Connection.php(327): mysqli->query('INSERT INTO `ma...', 0)
#1 C:\laragon\www\sistem_penilaian_dosen\system\Database\BaseConnection.php(738): CodeIgniter\Database\MySQLi\Connection->execute('INSERT INTO `ma...')
#2 C:\laragon\www\sistem_penilaian_dosen\system\Database\BaseConnection.php(652): CodeIgniter\Database\BaseConnection->simpleQuery('INSERT INTO `ma...')
#3 C:\laragon\www\sistem_penilaian_dosen\system\Database\BaseBuilder.php(2345): CodeIgniter\Database\BaseConnection->query('INSERT INTO `ma...', Array, false)
#4 C:\laragon\www\sistem_penilaian_dosen\system\Model.php(394): CodeIgniter\Database\BaseBuilder->insert()
#5 C:\laragon\www\sistem_penilaian_dosen\system\BaseModel.php(839): CodeIgniter\Model->doInsert(Array)
#6 C:\laragon\www\sistem_penilaian_dosen\system\Model.php(800): CodeIgniter\BaseModel->insert(Array, true)
#7 C:\laragon\www\sistem_penilaian_dosen\app\Controllers\Mahasiswa.php(36): CodeIgniter\Model->insert(Array)
#8 C:\laragon\www\sistem_penilaian_dosen\system\CodeIgniter.php(933): App\Controllers\Mahasiswa->create()
#9 C:\laragon\www\sistem_penilaian_dosen\system\CodeIgniter.php(507): CodeIgniter\CodeIgniter->runController(Object(App\Controllers\Mahasiswa))
#10 C:\laragon\www\sistem_penilaian_dosen\system\CodeIgniter.php(354): CodeIgniter\CodeIgniter->handleRequest(NULL, Object(Config\Cache), false)
#11 C:\laragon\www\sistem_penilaian_dosen\system\Boot.php(334): CodeIgniter\CodeIgniter->run()
#12 C:\laragon\www\sistem_penilaian_dosen\system\Boot.php(67): CodeIgniter\Boot::runCodeIgniter(Object(CodeIgniter\CodeIgniter))
#13 C:\laragon\www\sistem_penilaian_dosen\public\index.php(56): CodeIgniter\Boot::bootWeb(Object(Config\Paths))
#14 C:\laragon\www\sistem_penilaian_dosen\system\rewrite.php(44): require_once('C:\\laragon\\www\\...')
#15 {main}
CRITICAL - 2025-04-16 08:53:56 --> CodeIgniter\Database\Exceptions\DatabaseException: Cannot add or update a child row: a foreign key constraint fails (`pbf_kinerja`.`mahasiswa`, CONSTRAINT `mahasiswa_id_prodi_foreign` FOREIGN KEY (`id_prodi`) REFERENCES `prodi` (`id_prodi`) ON DELETE CASCADE ON UPDATE CASCADE)
[Method: POST, Route: api/mahasiswa/create]
in SYSTEMPATH\Database\BaseConnection.php on line 692.
 1 SYSTEMPATH\Database\BaseBuilder.php(2345): CodeIgniter\Database\BaseConnection->query('INSERT INTO `mahasiswa` (`npm`, `password`, `nama_mhs`, `kelas`, `id_prodi`) VALUES (:npm:, :password:, :nama_mhs:, :kelas:, :id_prodi:)', [...], false)
 2 SYSTEMPATH\Model.php(394): CodeIgniter\Database\BaseBuilder->insert()
 3 SYSTEMPATH\BaseModel.php(839): CodeIgniter\Model->doInsert([...])
 4 SYSTEMPATH\Model.php(800): CodeIgniter\BaseModel->insert([...], true)
 5 APPPATH\Controllers\Mahasiswa.php(36): CodeIgniter\Model->insert([...])
 6 SYSTEMPATH\CodeIgniter.php(933): App\Controllers\Mahasiswa->create()
 7 SYSTEMPATH\CodeIgniter.php(507): CodeIgniter\CodeIgniter->runController(Object(App\Controllers\Mahasiswa))
 8 SYSTEMPATH\CodeIgniter.php(354): CodeIgniter\CodeIgniter->handleRequest(null, Object(Config\Cache), false)
 9 SYSTEMPATH\Boot.php(334): CodeIgniter\CodeIgniter->run()
10 SYSTEMPATH\Boot.php(67): CodeIgniter\Boot::runCodeIgniter(Object(CodeIgniter\CodeIgniter))
11 FCPATH\index.php(56): CodeIgniter\Boot::bootWeb(Object(Config\Paths))
12 SYSTEMPATH\rewrite.php(44): require_once('C:\\laragon\\www\\sistem_penilaian_dosen\\public\\index.php')
CRITICAL - 2025-04-16 08:53:56 --> [Caused by] CodeIgniter\Database\Exceptions\DatabaseException: Cannot add or update a child row: a foreign key constraint fails (`pbf_kinerja`.`mahasiswa`, CONSTRAINT `mahasiswa_id_prodi_foreign` FOREIGN KEY (`id_prodi`) REFERENCES `prodi` (`id_prodi`) ON DELETE CASCADE ON UPDATE CASCADE)
in SYSTEMPATH\Database\MySQLi\Connection.php on line 332.
 1 SYSTEMPATH\Database\BaseConnection.php(738): CodeIgniter\Database\MySQLi\Connection->execute('INSERT INTO `mahasiswa` (`npm`, `password`, `nama_mhs`, `kelas`, `id_prodi`) VALUES (\'210123456\', \'rahasia123\', \'Budi Santoso\', \'TI-3A\', \'TI01\')')
 2 SYSTEMPATH\Database\BaseConnection.php(652): CodeIgniter\Database\BaseConnection->simpleQuery('INSERT INTO `mahasiswa` (`npm`, `password`, `nama_mhs`, `kelas`, `id_prodi`) VALUES (\'210123456\', \'rahasia123\', \'Budi Santoso\', \'TI-3A\', \'TI01\')')
 3 SYSTEMPATH\Database\BaseBuilder.php(2345): CodeIgniter\Database\BaseConnection->query('INSERT INTO `mahasiswa` (`npm`, `password`, `nama_mhs`, `kelas`, `id_prodi`) VALUES (:npm:, :password:, :nama_mhs:, :kelas:, :id_prodi:)', [...], false)
 4 SYSTEMPATH\Model.php(394): CodeIgniter\Database\BaseBuilder->insert()
 5 SYSTEMPATH\BaseModel.php(839): CodeIgniter\Model->doInsert([...])
 6 SYSTEMPATH\Model.php(800): CodeIgniter\BaseModel->insert([...], true)
 7 APPPATH\Controllers\Mahasiswa.php(36): CodeIgniter\Model->insert([...])
 8 SYSTEMPATH\CodeIgniter.php(933): App\Controllers\Mahasiswa->create()
 9 SYSTEMPATH\CodeIgniter.php(507): CodeIgniter\CodeIgniter->runController(Object(App\Controllers\Mahasiswa))
10 SYSTEMPATH\CodeIgniter.php(354): CodeIgniter\CodeIgniter->handleRequest(null, Object(Config\Cache), false)
11 SYSTEMPATH\Boot.php(334): CodeIgniter\CodeIgniter->run()
12 SYSTEMPATH\Boot.php(67): CodeIgniter\Boot::runCodeIgniter(Object(CodeIgniter\CodeIgniter))
13 FCPATH\index.php(56): CodeIgniter\Boot::bootWeb(Object(Config\Paths))
14 SYSTEMPATH\rewrite.php(44): require_once('C:\\laragon\\www\\sistem_penilaian_dosen\\public\\index.php')
CRITICAL - 2025-04-16 08:53:56 --> [Caused by] mysqli_sql_exception: Cannot add or update a child row: a foreign key constraint fails (`pbf_kinerja`.`mahasiswa`, CONSTRAINT `mahasiswa_id_prodi_foreign` FOREIGN KEY (`id_prodi`) REFERENCES `prodi` (`id_prodi`) ON DELETE CASCADE ON UPDATE CASCADE)
in SYSTEMPATH\Database\MySQLi\Connection.php on line 327.
 1 SYSTEMPATH\Database\MySQLi\Connection.php(327): mysqli->query('INSERT INTO `mahasiswa` (`npm`, `password`, `nama_mhs`, `kelas`, `id_prodi`) VALUES (\'210123456\', \'rahasia123\', \'Budi Santoso\', \'TI-3A\', \'TI01\')', 0)
 2 SYSTEMPATH\Database\BaseConnection.php(738): CodeIgniter\Database\MySQLi\Connection->execute('INSERT INTO `mahasiswa` (`npm`, `password`, `nama_mhs`, `kelas`, `id_prodi`) VALUES (\'210123456\', \'rahasia123\', \'Budi Santoso\', \'TI-3A\', \'TI01\')')
 3 SYSTEMPATH\Database\BaseConnection.php(652): CodeIgniter\Database\BaseConnection->simpleQuery('INSERT INTO `mahasiswa` (`npm`, `password`, `nama_mhs`, `kelas`, `id_prodi`) VALUES (\'210123456\', \'rahasia123\', \'Budi Santoso\', \'TI-3A\', \'TI01\')')
 4 SYSTEMPATH\Database\BaseBuilder.php(2345): CodeIgniter\Database\BaseConnection->query('INSERT INTO `mahasiswa` (`npm`, `password`, `nama_mhs`, `kelas`, `id_prodi`) VALUES (:npm:, :password:, :nama_mhs:, :kelas:, :id_prodi:)', [...], false)
 5 SYSTEMPATH\Model.php(394): CodeIgniter\Database\BaseBuilder->insert()
 6 SYSTEMPATH\BaseModel.php(839): CodeIgniter\Model->doInsert([...])
 7 SYSTEMPATH\Model.php(800): CodeIgniter\BaseModel->insert([...], true)
 8 APPPATH\Controllers\Mahasiswa.php(36): CodeIgniter\Model->insert([...])
 9 SYSTEMPATH\CodeIgniter.php(933): App\Controllers\Mahasiswa->create()
10 SYSTEMPATH\CodeIgniter.php(507): CodeIgniter\CodeIgniter->runController(Object(App\Controllers\Mahasiswa))
11 SYSTEMPATH\CodeIgniter.php(354): CodeIgniter\CodeIgniter->handleRequest(null, Object(Config\Cache), false)
12 SYSTEMPATH\Boot.php(334): CodeIgniter\CodeIgniter->run()
13 SYSTEMPATH\Boot.php(67): CodeIgniter\Boot::runCodeIgniter(Object(CodeIgniter\CodeIgniter))
14 FCPATH\index.php(56): CodeIgniter\Boot::bootWeb(Object(Config\Paths))
15 SYSTEMPATH\rewrite.php(44): require_once('C:\\laragon\\www\\sistem_penilaian_dosen\\public\\index.php')
ERROR - 2025-04-16 12:13:08 --> mysqli_sql_exception: Table 'users' already exists in C:\laragon\www\sistem_penilaian_dosen\system\Database\MySQLi\Connection.php:327
Stack trace:
#0 C:\laragon\www\sistem_penilaian_dosen\system\Database\MySQLi\Connection.php(327): mysqli->query('CREATE TABLE `u...', 0)
#1 C:\laragon\www\sistem_penilaian_dosen\system\Database\BaseConnection.php(738): CodeIgniter\Database\MySQLi\Connection->execute('CREATE TABLE `u...')
#2 C:\laragon\www\sistem_penilaian_dosen\system\Database\BaseConnection.php(652): CodeIgniter\Database\BaseConnection->simpleQuery('CREATE TABLE `u...')
#3 C:\laragon\www\sistem_penilaian_dosen\system\Database\Forge.php(570): CodeIgniter\Database\BaseConnection->query('CREATE TABLE `u...')
#4 C:\laragon\www\sistem_penilaian_dosen\app\Database\Migrations\2025-04-16-121053_Users.php(29): CodeIgniter\Database\Forge->createTable('users')
#5 C:\laragon\www\sistem_penilaian_dosen\system\Database\MigrationRunner.php(866): App\Database\Migrations\Users->up()
#6 C:\laragon\www\sistem_penilaian_dosen\system\Database\MigrationRunner.php(182): CodeIgniter\Database\MigrationRunner->migrate('up', Object(stdClass))
#7 C:\laragon\www\sistem_penilaian_dosen\system\Commands\Database\Migrate.php(85): CodeIgniter\Database\MigrationRunner->latest(NULL)
#8 C:\laragon\www\sistem_penilaian_dosen\system\CLI\Commands.php(70): CodeIgniter\Commands\Database\Migrate->run(Array)
#9 C:\laragon\www\sistem_penilaian_dosen\system\CLI\Console.php(48): CodeIgniter\CLI\Commands->run('migrate', Array)
#10 C:\laragon\www\sistem_penilaian_dosen\system\Boot.php(360): CodeIgniter\CLI\Console->run()
#11 C:\laragon\www\sistem_penilaian_dosen\system\Boot.php(104): CodeIgniter\Boot::runCommand(Object(CodeIgniter\CLI\Console))
#12 C:\laragon\www\sistem_penilaian_dosen\spark(84): CodeIgniter\Boot::bootSpark(Object(Config\Paths))
#13 {main}
CRITICAL - 2025-04-16 12:33:11 --> ErrorException: Undefined array key "id_user"
[Method: POST, Route: api/auth]
in APPPATH\Controllers\Login.php on line 29.
 1 APPPATH\Controllers\Login.php(29): CodeIgniter\Debug\Exceptions->errorHandler(2, 'Undefined array key "id_user"', 'C:\\laragon\\www\\sistem_penilaian_dosen\\app\\Controllers\\Login.php', 29)
 2 SYSTEMPATH\CodeIgniter.php(933): App\Controllers\Login->auth()
 3 SYSTEMPATH\CodeIgniter.php(507): CodeIgniter\CodeIgniter->runController(Object(App\Controllers\Login))
 4 SYSTEMPATH\CodeIgniter.php(354): CodeIgniter\CodeIgniter->handleRequest(null, Object(Config\Cache), false)
 5 SYSTEMPATH\Boot.php(334): CodeIgniter\CodeIgniter->run()
 6 SYSTEMPATH\Boot.php(67): CodeIgniter\Boot::runCodeIgniter(Object(CodeIgniter\CodeIgniter))
 7 FCPATH\index.php(56): CodeIgniter\Boot::bootWeb(Object(Config\Paths))
 8 SYSTEMPATH\rewrite.php(44): require_once('C:\\laragon\\www\\sistem_penilaian_dosen\\public\\index.php')
