ERROR - 2025-04-17 01:28:58 --> mysqli_sql_exception: Cannot add or update a child row: a foreign key constraint fails (`pbf_kinerja`.`mahasiswa`, CONSTRAINT `mahasiswa_id_prodi_foreign` FOREIGN KEY (`id_prodi`) REFERENCES `prodi` (`id_prodi`) ON DELETE CASCADE ON UPDATE CASCADE) in C:\laragon\www\sistem_penilaian_dosen\system\Database\MySQLi\Connection.php:327
Stack trace:
#0 C:\laragon\www\sistem_penilaian_dosen\system\Database\MySQLi\Connection.php(327): mysqli->query('INSERT INTO `ma...', 0)
#1 C:\laragon\www\sistem_penilaian_dosen\system\Database\BaseConnection.php(738): CodeIgniter\Database\MySQLi\Connection->execute('INSERT INTO `ma...')
#2 C:\laragon\www\sistem_penilaian_dosen\system\Database\BaseConnection.php(652): CodeIgniter\Database\BaseConnection->simpleQuery('INSERT INTO `ma...')
#3 C:\laragon\www\sistem_penilaian_dosen\system\Database\BaseBuilder.php(2345): CodeIgniter\Database\BaseConnection->query('INSERT INTO `ma...', Array, false)
#4 C:\laragon\www\sistem_penilaian_dosen\system\Model.php(394): CodeIgniter\Database\BaseBuilder->insert()
#5 C:\laragon\www\sistem_penilaian_dosen\system\BaseModel.php(839): CodeIgniter\Model->doInsert(Array)
#6 C:\laragon\www\sistem_penilaian_dosen\system\Model.php(800): CodeIgniter\BaseModel->insert(Array, true)
#7 C:\laragon\www\sistem_penilaian_dosen\app\Controllers\Mahasiswa.php(37): CodeIgniter\Model->insert(Array)
#8 C:\laragon\www\sistem_penilaian_dosen\system\CodeIgniter.php(933): App\Controllers\Mahasiswa->create()
#9 C:\laragon\www\sistem_penilaian_dosen\system\CodeIgniter.php(507): CodeIgniter\CodeIgniter->runController(Object(App\Controllers\Mahasiswa))
#10 C:\laragon\www\sistem_penilaian_dosen\system\CodeIgniter.php(354): CodeIgniter\CodeIgniter->handleRequest(NULL, Object(Config\Cache), false)
#11 C:\laragon\www\sistem_penilaian_dosen\system\Boot.php(334): CodeIgniter\CodeIgniter->run()
#12 C:\laragon\www\sistem_penilaian_dosen\system\Boot.php(67): CodeIgniter\Boot::runCodeIgniter(Object(CodeIgniter\CodeIgniter))
#13 C:\laragon\www\sistem_penilaian_dosen\public\index.php(56): CodeIgniter\Boot::bootWeb(Object(Config\Paths))
#14 C:\laragon\www\sistem_penilaian_dosen\system\rewrite.php(44): require_once('C:\\laragon\\www\\...')
#15 {main}
CRITICAL - 2025-04-17 01:28:58 --> CodeIgniter\Database\Exceptions\DatabaseException: Cannot add or update a child row: a foreign key constraint fails (`pbf_kinerja`.`mahasiswa`, CONSTRAINT `mahasiswa_id_prodi_foreign` FOREIGN KEY (`id_prodi`) REFERENCES `prodi` (`id_prodi`) ON DELETE CASCADE ON UPDATE CASCADE)
[Method: POST, Route: api/mahasiswa/create]
in SYSTEMPATH\Database\BaseConnection.php on line 692.
 1 SYSTEMPATH\Database\BaseBuilder.php(2345): CodeIgniter\Database\BaseConnection->query('INSERT INTO `mahasiswa` (`npm`, `password`, `nama_mhs`, `kelas`, `id_prodi`) VALUES (:npm:, :password:, :nama_mhs:, :kelas:, :id_prodi:)', [...], false)
 2 SYSTEMPATH\Model.php(394): CodeIgniter\Database\BaseBuilder->insert()
 3 SYSTEMPATH\BaseModel.php(839): CodeIgniter\Model->doInsert([...])
 4 SYSTEMPATH\Model.php(800): CodeIgniter\BaseModel->insert([...], true)
 5 APPPATH\Controllers\Mahasiswa.php(37): CodeIgniter\Model->insert([...])
 6 SYSTEMPATH\CodeIgniter.php(933): App\Controllers\Mahasiswa->create()
 7 SYSTEMPATH\CodeIgniter.php(507): CodeIgniter\CodeIgniter->runController(Object(App\Controllers\Mahasiswa))
 8 SYSTEMPATH\CodeIgniter.php(354): CodeIgniter\CodeIgniter->handleRequest(null, Object(Config\Cache), false)
 9 SYSTEMPATH\Boot.php(334): CodeIgniter\CodeIgniter->run()
10 SYSTEMPATH\Boot.php(67): CodeIgniter\Boot::runCodeIgniter(Object(CodeIgniter\CodeIgniter))
11 FCPATH\index.php(56): CodeIgniter\Boot::bootWeb(Object(Config\Paths))
12 SYSTEMPATH\rewrite.php(44): require_once('C:\\laragon\\www\\sistem_penilaian_dosen\\public\\index.php')
CRITICAL - 2025-04-17 01:28:58 --> [Caused by] CodeIgniter\Database\Exceptions\DatabaseException: Cannot add or update a child row: a foreign key constraint fails (`pbf_kinerja`.`mahasiswa`, CONSTRAINT `mahasiswa_id_prodi_foreign` FOREIGN KEY (`id_prodi`) REFERENCES `prodi` (`id_prodi`) ON DELETE CASCADE ON UPDATE CASCADE)
in SYSTEMPATH\Database\MySQLi\Connection.php on line 332.
 1 SYSTEMPATH\Database\BaseConnection.php(738): CodeIgniter\Database\MySQLi\Connection->execute('INSERT INTO `mahasiswa` (`npm`, `password`, `nama_mhs`, `kelas`, `id_prodi`) VALUES (\'210123456\', \'rahasia123\', \'Budi Santoso\', \'TI-3A\', \'TI01\')')
 2 SYSTEMPATH\Database\BaseConnection.php(652): CodeIgniter\Database\BaseConnection->simpleQuery('INSERT INTO `mahasiswa` (`npm`, `password`, `nama_mhs`, `kelas`, `id_prodi`) VALUES (\'210123456\', \'rahasia123\', \'Budi Santoso\', \'TI-3A\', \'TI01\')')
 3 SYSTEMPATH\Database\BaseBuilder.php(2345): CodeIgniter\Database\BaseConnection->query('INSERT INTO `mahasiswa` (`npm`, `password`, `nama_mhs`, `kelas`, `id_prodi`) VALUES (:npm:, :password:, :nama_mhs:, :kelas:, :id_prodi:)', [...], false)
 4 SYSTEMPATH\Model.php(394): CodeIgniter\Database\BaseBuilder->insert()
 5 SYSTEMPATH\BaseModel.php(839): CodeIgniter\Model->doInsert([...])
 6 SYSTEMPATH\Model.php(800): CodeIgniter\BaseModel->insert([...], true)
 7 APPPATH\Controllers\Mahasiswa.php(37): CodeIgniter\Model->insert([...])
 8 SYSTEMPATH\CodeIgniter.php(933): App\Controllers\Mahasiswa->create()
 9 SYSTEMPATH\CodeIgniter.php(507): CodeIgniter\CodeIgniter->runController(Object(App\Controllers\Mahasiswa))
10 SYSTEMPATH\CodeIgniter.php(354): CodeIgniter\CodeIgniter->handleRequest(null, Object(Config\Cache), false)
11 SYSTEMPATH\Boot.php(334): CodeIgniter\CodeIgniter->run()
12 SYSTEMPATH\Boot.php(67): CodeIgniter\Boot::runCodeIgniter(Object(CodeIgniter\CodeIgniter))
13 FCPATH\index.php(56): CodeIgniter\Boot::bootWeb(Object(Config\Paths))
14 SYSTEMPATH\rewrite.php(44): require_once('C:\\laragon\\www\\sistem_penilaian_dosen\\public\\index.php')
CRITICAL - 2025-04-17 01:28:58 --> [Caused by] mysqli_sql_exception: Cannot add or update a child row: a foreign key constraint fails (`pbf_kinerja`.`mahasiswa`, CONSTRAINT `mahasiswa_id_prodi_foreign` FOREIGN KEY (`id_prodi`) REFERENCES `prodi` (`id_prodi`) ON DELETE CASCADE ON UPDATE CASCADE)
in SYSTEMPATH\Database\MySQLi\Connection.php on line 327.
 1 SYSTEMPATH\Database\MySQLi\Connection.php(327): mysqli->query('INSERT INTO `mahasiswa` (`npm`, `password`, `nama_mhs`, `kelas`, `id_prodi`) VALUES (\'210123456\', \'rahasia123\', \'Budi Santoso\', \'TI-3A\', \'TI01\')', 0)
 2 SYSTEMPATH\Database\BaseConnection.php(738): CodeIgniter\Database\MySQLi\Connection->execute('INSERT INTO `mahasiswa` (`npm`, `password`, `nama_mhs`, `kelas`, `id_prodi`) VALUES (\'210123456\', \'rahasia123\', \'Budi Santoso\', \'TI-3A\', \'TI01\')')
 3 SYSTEMPATH\Database\BaseConnection.php(652): CodeIgniter\Database\BaseConnection->simpleQuery('INSERT INTO `mahasiswa` (`npm`, `password`, `nama_mhs`, `kelas`, `id_prodi`) VALUES (\'210123456\', \'rahasia123\', \'Budi Santoso\', \'TI-3A\', \'TI01\')')
 4 SYSTEMPATH\Database\BaseBuilder.php(2345): CodeIgniter\Database\BaseConnection->query('INSERT INTO `mahasiswa` (`npm`, `password`, `nama_mhs`, `kelas`, `id_prodi`) VALUES (:npm:, :password:, :nama_mhs:, :kelas:, :id_prodi:)', [...], false)
 5 SYSTEMPATH\Model.php(394): CodeIgniter\Database\BaseBuilder->insert()
 6 SYSTEMPATH\BaseModel.php(839): CodeIgniter\Model->doInsert([...])
 7 SYSTEMPATH\Model.php(800): CodeIgniter\BaseModel->insert([...], true)
 8 APPPATH\Controllers\Mahasiswa.php(37): CodeIgniter\Model->insert([...])
 9 SYSTEMPATH\CodeIgniter.php(933): App\Controllers\Mahasiswa->create()
10 SYSTEMPATH\CodeIgniter.php(507): CodeIgniter\CodeIgniter->runController(Object(App\Controllers\Mahasiswa))
11 SYSTEMPATH\CodeIgniter.php(354): CodeIgniter\CodeIgniter->handleRequest(null, Object(Config\Cache), false)
12 SYSTEMPATH\Boot.php(334): CodeIgniter\CodeIgniter->run()
13 SYSTEMPATH\Boot.php(67): CodeIgniter\Boot::runCodeIgniter(Object(CodeIgniter\CodeIgniter))
14 FCPATH\index.php(56): CodeIgniter\Boot::bootWeb(Object(Config\Paths))
15 SYSTEMPATH\rewrite.php(44): require_once('C:\\laragon\\www\\sistem_penilaian_dosen\\public\\index.php')
CRITICAL - 2025-04-17 01:33:41 --> ErrorException: Undefined property: stdClass::$id_prodi
[Method: POST, Route: api/mahasiswa/create]
in APPPATH\Controllers\Mahasiswa.php on line 34.
 1 APPPATH\Controllers\Mahasiswa.php(34): CodeIgniter\Debug\Exceptions->errorHandler(2, 'Undefined property: stdClass::$id_prodi', 'C:\\laragon\\www\\sistem_penilaian_dosen\\app\\Controllers\\Mahasiswa.php', 34)
 2 SYSTEMPATH\CodeIgniter.php(933): App\Controllers\Mahasiswa->create()
 3 SYSTEMPATH\CodeIgniter.php(507): CodeIgniter\CodeIgniter->runController(Object(App\Controllers\Mahasiswa))
 4 SYSTEMPATH\CodeIgniter.php(354): CodeIgniter\CodeIgniter->handleRequest(null, Object(Config\Cache), false)
 5 SYSTEMPATH\Boot.php(334): CodeIgniter\CodeIgniter->run()
 6 SYSTEMPATH\Boot.php(67): CodeIgniter\Boot::runCodeIgniter(Object(CodeIgniter\CodeIgniter))
 7 FCPATH\index.php(56): CodeIgniter\Boot::bootWeb(Object(Config\Paths))
 8 SYSTEMPATH\rewrite.php(44): require_once('C:\\laragon\\www\\sistem_penilaian_dosen\\public\\index.php')
CRITICAL - 2025-04-17 01:34:00 --> ErrorException: Undefined property: stdClass::$id_prodi
[Method: POST, Route: api/mahasiswa/create]
in APPPATH\Controllers\Mahasiswa.php on line 34.
 1 APPPATH\Controllers\Mahasiswa.php(34): CodeIgniter\Debug\Exceptions->errorHandler(2, 'Undefined property: stdClass::$id_prodi', 'C:\\laragon\\www\\sistem_penilaian_dosen\\app\\Controllers\\Mahasiswa.php', 34)
 2 SYSTEMPATH\CodeIgniter.php(933): App\Controllers\Mahasiswa->create()
 3 SYSTEMPATH\CodeIgniter.php(507): CodeIgniter\CodeIgniter->runController(Object(App\Controllers\Mahasiswa))
 4 SYSTEMPATH\CodeIgniter.php(354): CodeIgniter\CodeIgniter->handleRequest(null, Object(Config\Cache), false)
 5 SYSTEMPATH\Boot.php(334): CodeIgniter\CodeIgniter->run()
 6 SYSTEMPATH\Boot.php(67): CodeIgniter\Boot::runCodeIgniter(Object(CodeIgniter\CodeIgniter))
 7 FCPATH\index.php(56): CodeIgniter\Boot::bootWeb(Object(Config\Paths))
 8 SYSTEMPATH\rewrite.php(44): require_once('C:\\laragon\\www\\sistem_penilaian_dosen\\public\\index.php')
ERROR - 2025-04-17 01:34:16 --> mysqli_sql_exception: Duplicate entry '210123456' for key 'mahasiswa.npm' in C:\laragon\www\sistem_penilaian_dosen\system\Database\MySQLi\Connection.php:327
Stack trace:
#0 C:\laragon\www\sistem_penilaian_dosen\system\Database\MySQLi\Connection.php(327): mysqli->query('INSERT INTO `ma...', 0)
#1 C:\laragon\www\sistem_penilaian_dosen\system\Database\BaseConnection.php(738): CodeIgniter\Database\MySQLi\Connection->execute('INSERT INTO `ma...')
#2 C:\laragon\www\sistem_penilaian_dosen\system\Database\BaseConnection.php(652): CodeIgniter\Database\BaseConnection->simpleQuery('INSERT INTO `ma...')
#3 C:\laragon\www\sistem_penilaian_dosen\system\Database\BaseBuilder.php(2345): CodeIgniter\Database\BaseConnection->query('INSERT INTO `ma...', Array, false)
#4 C:\laragon\www\sistem_penilaian_dosen\system\Model.php(394): CodeIgniter\Database\BaseBuilder->insert()
#5 C:\laragon\www\sistem_penilaian_dosen\system\BaseModel.php(839): CodeIgniter\Model->doInsert(Array)
#6 C:\laragon\www\sistem_penilaian_dosen\system\Model.php(800): CodeIgniter\BaseModel->insert(Array, true)
#7 C:\laragon\www\sistem_penilaian_dosen\app\Controllers\Mahasiswa.php(38): CodeIgniter\Model->insert(Array)
#8 C:\laragon\www\sistem_penilaian_dosen\system\CodeIgniter.php(933): App\Controllers\Mahasiswa->create()
#9 C:\laragon\www\sistem_penilaian_dosen\system\CodeIgniter.php(507): CodeIgniter\CodeIgniter->runController(Object(App\Controllers\Mahasiswa))
#10 C:\laragon\www\sistem_penilaian_dosen\system\CodeIgniter.php(354): CodeIgniter\CodeIgniter->handleRequest(NULL, Object(Config\Cache), false)
#11 C:\laragon\www\sistem_penilaian_dosen\system\Boot.php(334): CodeIgniter\CodeIgniter->run()
#12 C:\laragon\www\sistem_penilaian_dosen\system\Boot.php(67): CodeIgniter\Boot::runCodeIgniter(Object(CodeIgniter\CodeIgniter))
#13 C:\laragon\www\sistem_penilaian_dosen\public\index.php(56): CodeIgniter\Boot::bootWeb(Object(Config\Paths))
#14 C:\laragon\www\sistem_penilaian_dosen\system\rewrite.php(44): require_once('C:\\laragon\\www\\...')
#15 {main}
CRITICAL - 2025-04-17 01:34:16 --> CodeIgniter\Database\Exceptions\DatabaseException: Duplicate entry '210123456' for key 'mahasiswa.npm'
[Method: POST, Route: api/mahasiswa/create]
in SYSTEMPATH\Database\BaseConnection.php on line 692.
 1 SYSTEMPATH\Database\BaseBuilder.php(2345): CodeIgniter\Database\BaseConnection->query('INSERT INTO `mahasiswa` (`npm`, `password`, `nama_mhs`, `kelas`, `id_prodi`) VALUES (:npm:, :password:, :nama_mhs:, :kelas:, :id_prodi:)', [...], false)
 2 SYSTEMPATH\Model.php(394): CodeIgniter\Database\BaseBuilder->insert()
 3 SYSTEMPATH\BaseModel.php(839): CodeIgniter\Model->doInsert([...])
 4 SYSTEMPATH\Model.php(800): CodeIgniter\BaseModel->insert([...], true)
 5 APPPATH\Controllers\Mahasiswa.php(38): CodeIgniter\Model->insert([...])
 6 SYSTEMPATH\CodeIgniter.php(933): App\Controllers\Mahasiswa->create()
 7 SYSTEMPATH\CodeIgniter.php(507): CodeIgniter\CodeIgniter->runController(Object(App\Controllers\Mahasiswa))
 8 SYSTEMPATH\CodeIgniter.php(354): CodeIgniter\CodeIgniter->handleRequest(null, Object(Config\Cache), false)
 9 SYSTEMPATH\Boot.php(334): CodeIgniter\CodeIgniter->run()
10 SYSTEMPATH\Boot.php(67): CodeIgniter\Boot::runCodeIgniter(Object(CodeIgniter\CodeIgniter))
11 FCPATH\index.php(56): CodeIgniter\Boot::bootWeb(Object(Config\Paths))
12 SYSTEMPATH\rewrite.php(44): require_once('C:\\laragon\\www\\sistem_penilaian_dosen\\public\\index.php')
CRITICAL - 2025-04-17 01:34:17 --> [Caused by] CodeIgniter\Database\Exceptions\DatabaseException: Duplicate entry '210123456' for key 'mahasiswa.npm'
in SYSTEMPATH\Database\MySQLi\Connection.php on line 332.
 1 SYSTEMPATH\Database\BaseConnection.php(738): CodeIgniter\Database\MySQLi\Connection->execute('INSERT INTO `mahasiswa` (`npm`, `password`, `nama_mhs`, `kelas`, `id_prodi`) VALUES (\'210123456\', \'rahasia123\', \'Budi Santoso\', \'TI-3A\', \'2\')')
 2 SYSTEMPATH\Database\BaseConnection.php(652): CodeIgniter\Database\BaseConnection->simpleQuery('INSERT INTO `mahasiswa` (`npm`, `password`, `nama_mhs`, `kelas`, `id_prodi`) VALUES (\'210123456\', \'rahasia123\', \'Budi Santoso\', \'TI-3A\', \'2\')')
 3 SYSTEMPATH\Database\BaseBuilder.php(2345): CodeIgniter\Database\BaseConnection->query('INSERT INTO `mahasiswa` (`npm`, `password`, `nama_mhs`, `kelas`, `id_prodi`) VALUES (:npm:, :password:, :nama_mhs:, :kelas:, :id_prodi:)', [...], false)
 4 SYSTEMPATH\Model.php(394): CodeIgniter\Database\BaseBuilder->insert()
 5 SYSTEMPATH\BaseModel.php(839): CodeIgniter\Model->doInsert([...])
 6 SYSTEMPATH\Model.php(800): CodeIgniter\BaseModel->insert([...], true)
 7 APPPATH\Controllers\Mahasiswa.php(38): CodeIgniter\Model->insert([...])
 8 SYSTEMPATH\CodeIgniter.php(933): App\Controllers\Mahasiswa->create()
 9 SYSTEMPATH\CodeIgniter.php(507): CodeIgniter\CodeIgniter->runController(Object(App\Controllers\Mahasiswa))
10 SYSTEMPATH\CodeIgniter.php(354): CodeIgniter\CodeIgniter->handleRequest(null, Object(Config\Cache), false)
11 SYSTEMPATH\Boot.php(334): CodeIgniter\CodeIgniter->run()
12 SYSTEMPATH\Boot.php(67): CodeIgniter\Boot::runCodeIgniter(Object(CodeIgniter\CodeIgniter))
13 FCPATH\index.php(56): CodeIgniter\Boot::bootWeb(Object(Config\Paths))
14 SYSTEMPATH\rewrite.php(44): require_once('C:\\laragon\\www\\sistem_penilaian_dosen\\public\\index.php')
CRITICAL - 2025-04-17 01:34:17 --> [Caused by] mysqli_sql_exception: Duplicate entry '210123456' for key 'mahasiswa.npm'
in SYSTEMPATH\Database\MySQLi\Connection.php on line 327.
 1 SYSTEMPATH\Database\MySQLi\Connection.php(327): mysqli->query('INSERT INTO `mahasiswa` (`npm`, `password`, `nama_mhs`, `kelas`, `id_prodi`) VALUES (\'210123456\', \'rahasia123\', \'Budi Santoso\', \'TI-3A\', \'2\')', 0)
 2 SYSTEMPATH\Database\BaseConnection.php(738): CodeIgniter\Database\MySQLi\Connection->execute('INSERT INTO `mahasiswa` (`npm`, `password`, `nama_mhs`, `kelas`, `id_prodi`) VALUES (\'210123456\', \'rahasia123\', \'Budi Santoso\', \'TI-3A\', \'2\')')
 3 SYSTEMPATH\Database\BaseConnection.php(652): CodeIgniter\Database\BaseConnection->simpleQuery('INSERT INTO `mahasiswa` (`npm`, `password`, `nama_mhs`, `kelas`, `id_prodi`) VALUES (\'210123456\', \'rahasia123\', \'Budi Santoso\', \'TI-3A\', \'2\')')
 4 SYSTEMPATH\Database\BaseBuilder.php(2345): CodeIgniter\Database\BaseConnection->query('INSERT INTO `mahasiswa` (`npm`, `password`, `nama_mhs`, `kelas`, `id_prodi`) VALUES (:npm:, :password:, :nama_mhs:, :kelas:, :id_prodi:)', [...], false)
 5 SYSTEMPATH\Model.php(394): CodeIgniter\Database\BaseBuilder->insert()
 6 SYSTEMPATH\BaseModel.php(839): CodeIgniter\Model->doInsert([...])
 7 SYSTEMPATH\Model.php(800): CodeIgniter\BaseModel->insert([...], true)
 8 APPPATH\Controllers\Mahasiswa.php(38): CodeIgniter\Model->insert([...])
 9 SYSTEMPATH\CodeIgniter.php(933): App\Controllers\Mahasiswa->create()
10 SYSTEMPATH\CodeIgniter.php(507): CodeIgniter\CodeIgniter->runController(Object(App\Controllers\Mahasiswa))
11 SYSTEMPATH\CodeIgniter.php(354): CodeIgniter\CodeIgniter->handleRequest(null, Object(Config\Cache), false)
12 SYSTEMPATH\Boot.php(334): CodeIgniter\CodeIgniter->run()
13 SYSTEMPATH\Boot.php(67): CodeIgniter\Boot::runCodeIgniter(Object(CodeIgniter\CodeIgniter))
14 FCPATH\index.php(56): CodeIgniter\Boot::bootWeb(Object(Config\Paths))
15 SYSTEMPATH\rewrite.php(44): require_once('C:\\laragon\\www\\sistem_penilaian_dosen\\public\\index.php')
CRITICAL - 2025-04-17 01:34:40 --> ErrorException: Undefined property: stdClass::$id_prodi
[Method: POST, Route: api/mahasiswa/create]
in APPPATH\Controllers\Mahasiswa.php on line 34.
 1 APPPATH\Controllers\Mahasiswa.php(34): CodeIgniter\Debug\Exceptions->errorHandler(2, 'Undefined property: stdClass::$id_prodi', 'C:\\laragon\\www\\sistem_penilaian_dosen\\app\\Controllers\\Mahasiswa.php', 34)
 2 SYSTEMPATH\CodeIgniter.php(933): App\Controllers\Mahasiswa->create()
 3 SYSTEMPATH\CodeIgniter.php(507): CodeIgniter\CodeIgniter->runController(Object(App\Controllers\Mahasiswa))
 4 SYSTEMPATH\CodeIgniter.php(354): CodeIgniter\CodeIgniter->handleRequest(null, Object(Config\Cache), false)
 5 SYSTEMPATH\Boot.php(334): CodeIgniter\CodeIgniter->run()
 6 SYSTEMPATH\Boot.php(67): CodeIgniter\Boot::runCodeIgniter(Object(CodeIgniter\CodeIgniter))
 7 FCPATH\index.php(56): CodeIgniter\Boot::bootWeb(Object(Config\Paths))
 8 SYSTEMPATH\rewrite.php(44): require_once('C:\\laragon\\www\\sistem_penilaian_dosen\\public\\index.php')
CRITICAL - 2025-04-17 01:37:30 --> CodeIgniter\Exceptions\BadMethodCallException: Call to undefined method App\Models\UserModel::getUserByToken
[Method: GET, Route: api/dosen/]
in SYSTEMPATH\Model.php on line 930.
 1 APPPATH\Controllers\Dosen.php(28): CodeIgniter\Model->__call('getUserByToken', [...])
 2 APPPATH\Controllers\Dosen.php(39): App\Controllers\Dosen->authenticate()
 3 SYSTEMPATH\CodeIgniter.php(933): App\Controllers\Dosen->index()
 4 SYSTEMPATH\CodeIgniter.php(507): CodeIgniter\CodeIgniter->runController(Object(App\Controllers\Dosen))
 5 SYSTEMPATH\CodeIgniter.php(354): CodeIgniter\CodeIgniter->handleRequest(null, Object(Config\Cache), false)
 6 SYSTEMPATH\Boot.php(334): CodeIgniter\CodeIgniter->run()
 7 SYSTEMPATH\Boot.php(67): CodeIgniter\Boot::runCodeIgniter(Object(CodeIgniter\CodeIgniter))
 8 FCPATH\index.php(56): CodeIgniter\Boot::bootWeb(Object(Config\Paths))
 9 SYSTEMPATH\rewrite.php(44): require_once('C:\\laragon\\www\\sistem_penilaian_dosen\\public\\index.php')
CRITICAL - 2025-04-17 01:37:32 --> CodeIgniter\Exceptions\BadMethodCallException: Call to undefined method App\Models\UserModel::getUserByToken
[Method: GET, Route: api/dosen/]
in SYSTEMPATH\Model.php on line 930.
 1 APPPATH\Controllers\Dosen.php(28): CodeIgniter\Model->__call('getUserByToken', [...])
 2 APPPATH\Controllers\Dosen.php(39): App\Controllers\Dosen->authenticate()
 3 SYSTEMPATH\CodeIgniter.php(933): App\Controllers\Dosen->index()
 4 SYSTEMPATH\CodeIgniter.php(507): CodeIgniter\CodeIgniter->runController(Object(App\Controllers\Dosen))
 5 SYSTEMPATH\CodeIgniter.php(354): CodeIgniter\CodeIgniter->handleRequest(null, Object(Config\Cache), false)
 6 SYSTEMPATH\Boot.php(334): CodeIgniter\CodeIgniter->run()
 7 SYSTEMPATH\Boot.php(67): CodeIgniter\Boot::runCodeIgniter(Object(CodeIgniter\CodeIgniter))
 8 FCPATH\index.php(56): CodeIgniter\Boot::bootWeb(Object(Config\Paths))
 9 SYSTEMPATH\rewrite.php(44): require_once('C:\\laragon\\www\\sistem_penilaian_dosen\\public\\index.php')
ERROR - 2025-04-17 01:41:14 --> mysqli_sql_exception: Cannot add or update a child row: a foreign key constraint fails (`pbf_kinerja`.`mahasiswa`, CONSTRAINT `mahasiswa_id_prodi_foreign` FOREIGN KEY (`id_prodi`) REFERENCES `prodi` (`id_prodi`) ON DELETE CASCADE ON UPDATE CASCADE) in C:\laragon\www\sistem_penilaian_dosen\system\Database\MySQLi\Connection.php:327
Stack trace:
#0 C:\laragon\www\sistem_penilaian_dosen\system\Database\MySQLi\Connection.php(327): mysqli->query('INSERT INTO `ma...', 0)
#1 C:\laragon\www\sistem_penilaian_dosen\system\Database\BaseConnection.php(738): CodeIgniter\Database\MySQLi\Connection->execute('INSERT INTO `ma...')
#2 C:\laragon\www\sistem_penilaian_dosen\system\Database\BaseConnection.php(652): CodeIgniter\Database\BaseConnection->simpleQuery('INSERT INTO `ma...')
#3 C:\laragon\www\sistem_penilaian_dosen\system\Database\BaseBuilder.php(2345): CodeIgniter\Database\BaseConnection->query('INSERT INTO `ma...', Array, false)
#4 C:\laragon\www\sistem_penilaian_dosen\system\Model.php(394): CodeIgniter\Database\BaseBuilder->insert()
#5 C:\laragon\www\sistem_penilaian_dosen\system\BaseModel.php(839): CodeIgniter\Model->doInsert(Array)
#6 C:\laragon\www\sistem_penilaian_dosen\system\Model.php(800): CodeIgniter\BaseModel->insert(Array, true)
#7 C:\laragon\www\sistem_penilaian_dosen\app\Controllers\Mahasiswa.php(38): CodeIgniter\Model->insert(Array)
#8 C:\laragon\www\sistem_penilaian_dosen\system\CodeIgniter.php(933): App\Controllers\Mahasiswa->create()
#9 C:\laragon\www\sistem_penilaian_dosen\system\CodeIgniter.php(507): CodeIgniter\CodeIgniter->runController(Object(App\Controllers\Mahasiswa))
#10 C:\laragon\www\sistem_penilaian_dosen\system\CodeIgniter.php(354): CodeIgniter\CodeIgniter->handleRequest(NULL, Object(Config\Cache), false)
#11 C:\laragon\www\sistem_penilaian_dosen\system\Boot.php(334): CodeIgniter\CodeIgniter->run()
#12 C:\laragon\www\sistem_penilaian_dosen\system\Boot.php(67): CodeIgniter\Boot::runCodeIgniter(Object(CodeIgniter\CodeIgniter))
#13 C:\laragon\www\sistem_penilaian_dosen\public\index.php(56): CodeIgniter\Boot::bootWeb(Object(Config\Paths))
#14 C:\laragon\www\sistem_penilaian_dosen\system\rewrite.php(44): require_once('C:\\laragon\\www\\...')
#15 {main}
CRITICAL - 2025-04-17 01:41:14 --> CodeIgniter\Database\Exceptions\DatabaseException: Cannot add or update a child row: a foreign key constraint fails (`pbf_kinerja`.`mahasiswa`, CONSTRAINT `mahasiswa_id_prodi_foreign` FOREIGN KEY (`id_prodi`) REFERENCES `prodi` (`id_prodi`) ON DELETE CASCADE ON UPDATE CASCADE)
[Method: POST, Route: api/mahasiswa/create]
in SYSTEMPATH\Database\BaseConnection.php on line 692.
 1 SYSTEMPATH\Database\BaseBuilder.php(2345): CodeIgniter\Database\BaseConnection->query('INSERT INTO `mahasiswa` (`npm`, `password`, `nama_mhs`, `kelas`, `id_prodi`) VALUES (:npm:, :password:, :nama_mhs:, :kelas:, :id_prodi:)', [...], false)
 2 SYSTEMPATH\Model.php(394): CodeIgniter\Database\BaseBuilder->insert()
 3 SYSTEMPATH\BaseModel.php(839): CodeIgniter\Model->doInsert([...])
 4 SYSTEMPATH\Model.php(800): CodeIgniter\BaseModel->insert([...], true)
 5 APPPATH\Controllers\Mahasiswa.php(38): CodeIgniter\Model->insert([...])
 6 SYSTEMPATH\CodeIgniter.php(933): App\Controllers\Mahasiswa->create()
 7 SYSTEMPATH\CodeIgniter.php(507): CodeIgniter\CodeIgniter->runController(Object(App\Controllers\Mahasiswa))
 8 SYSTEMPATH\CodeIgniter.php(354): CodeIgniter\CodeIgniter->handleRequest(null, Object(Config\Cache), false)
 9 SYSTEMPATH\Boot.php(334): CodeIgniter\CodeIgniter->run()
10 SYSTEMPATH\Boot.php(67): CodeIgniter\Boot::runCodeIgniter(Object(CodeIgniter\CodeIgniter))
11 FCPATH\index.php(56): CodeIgniter\Boot::bootWeb(Object(Config\Paths))
12 SYSTEMPATH\rewrite.php(44): require_once('C:\\laragon\\www\\sistem_penilaian_dosen\\public\\index.php')
CRITICAL - 2025-04-17 01:41:14 --> [Caused by] CodeIgniter\Database\Exceptions\DatabaseException: Cannot add or update a child row: a foreign key constraint fails (`pbf_kinerja`.`mahasiswa`, CONSTRAINT `mahasiswa_id_prodi_foreign` FOREIGN KEY (`id_prodi`) REFERENCES `prodi` (`id_prodi`) ON DELETE CASCADE ON UPDATE CASCADE)
in SYSTEMPATH\Database\MySQLi\Connection.php on line 332.
 1 SYSTEMPATH\Database\BaseConnection.php(738): CodeIgniter\Database\MySQLi\Connection->execute('INSERT INTO `mahasiswa` (`npm`, `password`, `nama_mhs`, `kelas`, `id_prodi`) VALUES (\'2101111111\', \'rahasia123\', \'Ratna\', \'TI2D\', \'2\')')
 2 SYSTEMPATH\Database\BaseConnection.php(652): CodeIgniter\Database\BaseConnection->simpleQuery('INSERT INTO `mahasiswa` (`npm`, `password`, `nama_mhs`, `kelas`, `id_prodi`) VALUES (\'2101111111\', \'rahasia123\', \'Ratna\', \'TI2D\', \'2\')')
 3 SYSTEMPATH\Database\BaseBuilder.php(2345): CodeIgniter\Database\BaseConnection->query('INSERT INTO `mahasiswa` (`npm`, `password`, `nama_mhs`, `kelas`, `id_prodi`) VALUES (:npm:, :password:, :nama_mhs:, :kelas:, :id_prodi:)', [...], false)
 4 SYSTEMPATH\Model.php(394): CodeIgniter\Database\BaseBuilder->insert()
 5 SYSTEMPATH\BaseModel.php(839): CodeIgniter\Model->doInsert([...])
 6 SYSTEMPATH\Model.php(800): CodeIgniter\BaseModel->insert([...], true)
 7 APPPATH\Controllers\Mahasiswa.php(38): CodeIgniter\Model->insert([...])
 8 SYSTEMPATH\CodeIgniter.php(933): App\Controllers\Mahasiswa->create()
 9 SYSTEMPATH\CodeIgniter.php(507): CodeIgniter\CodeIgniter->runController(Object(App\Controllers\Mahasiswa))
10 SYSTEMPATH\CodeIgniter.php(354): CodeIgniter\CodeIgniter->handleRequest(null, Object(Config\Cache), false)
11 SYSTEMPATH\Boot.php(334): CodeIgniter\CodeIgniter->run()
12 SYSTEMPATH\Boot.php(67): CodeIgniter\Boot::runCodeIgniter(Object(CodeIgniter\CodeIgniter))
13 FCPATH\index.php(56): CodeIgniter\Boot::bootWeb(Object(Config\Paths))
14 SYSTEMPATH\rewrite.php(44): require_once('C:\\laragon\\www\\sistem_penilaian_dosen\\public\\index.php')
CRITICAL - 2025-04-17 01:41:14 --> [Caused by] mysqli_sql_exception: Cannot add or update a child row: a foreign key constraint fails (`pbf_kinerja`.`mahasiswa`, CONSTRAINT `mahasiswa_id_prodi_foreign` FOREIGN KEY (`id_prodi`) REFERENCES `prodi` (`id_prodi`) ON DELETE CASCADE ON UPDATE CASCADE)
in SYSTEMPATH\Database\MySQLi\Connection.php on line 327.
 1 SYSTEMPATH\Database\MySQLi\Connection.php(327): mysqli->query('INSERT INTO `mahasiswa` (`npm`, `password`, `nama_mhs`, `kelas`, `id_prodi`) VALUES (\'2101111111\', \'rahasia123\', \'Ratna\', \'TI2D\', \'2\')', 0)
 2 SYSTEMPATH\Database\BaseConnection.php(738): CodeIgniter\Database\MySQLi\Connection->execute('INSERT INTO `mahasiswa` (`npm`, `password`, `nama_mhs`, `kelas`, `id_prodi`) VALUES (\'2101111111\', \'rahasia123\', \'Ratna\', \'TI2D\', \'2\')')
 3 SYSTEMPATH\Database\BaseConnection.php(652): CodeIgniter\Database\BaseConnection->simpleQuery('INSERT INTO `mahasiswa` (`npm`, `password`, `nama_mhs`, `kelas`, `id_prodi`) VALUES (\'2101111111\', \'rahasia123\', \'Ratna\', \'TI2D\', \'2\')')
 4 SYSTEMPATH\Database\BaseBuilder.php(2345): CodeIgniter\Database\BaseConnection->query('INSERT INTO `mahasiswa` (`npm`, `password`, `nama_mhs`, `kelas`, `id_prodi`) VALUES (:npm:, :password:, :nama_mhs:, :kelas:, :id_prodi:)', [...], false)
 5 SYSTEMPATH\Model.php(394): CodeIgniter\Database\BaseBuilder->insert()
 6 SYSTEMPATH\BaseModel.php(839): CodeIgniter\Model->doInsert([...])
 7 SYSTEMPATH\Model.php(800): CodeIgniter\BaseModel->insert([...], true)
 8 APPPATH\Controllers\Mahasiswa.php(38): CodeIgniter\Model->insert([...])
 9 SYSTEMPATH\CodeIgniter.php(933): App\Controllers\Mahasiswa->create()
10 SYSTEMPATH\CodeIgniter.php(507): CodeIgniter\CodeIgniter->runController(Object(App\Controllers\Mahasiswa))
11 SYSTEMPATH\CodeIgniter.php(354): CodeIgniter\CodeIgniter->handleRequest(null, Object(Config\Cache), false)
12 SYSTEMPATH\Boot.php(334): CodeIgniter\CodeIgniter->run()
13 SYSTEMPATH\Boot.php(67): CodeIgniter\Boot::runCodeIgniter(Object(CodeIgniter\CodeIgniter))
14 FCPATH\index.php(56): CodeIgniter\Boot::bootWeb(Object(Config\Paths))
15 SYSTEMPATH\rewrite.php(44): require_once('C:\\laragon\\www\\sistem_penilaian_dosen\\public\\index.php')
ERROR - 2025-04-17 01:44:24 --> mysqli_sql_exception: Cannot add or update a child row: a foreign key constraint fails (`pbf_kinerja`.`dosen`, CONSTRAINT `dosen_id_matkul_foreign` FOREIGN KEY (`id_matkul`) REFERENCES `mata_kuliah` (`id_matkul`) ON DELETE CASCADE ON UPDATE CASCADE) in C:\laragon\www\sistem_penilaian_dosen\system\Database\MySQLi\Connection.php:327
Stack trace:
#0 C:\laragon\www\sistem_penilaian_dosen\system\Database\MySQLi\Connection.php(327): mysqli->query('INSERT INTO `do...', 0)
#1 C:\laragon\www\sistem_penilaian_dosen\system\Database\BaseConnection.php(738): CodeIgniter\Database\MySQLi\Connection->execute('INSERT INTO `do...')
#2 C:\laragon\www\sistem_penilaian_dosen\system\Database\BaseConnection.php(652): CodeIgniter\Database\BaseConnection->simpleQuery('INSERT INTO `do...')
#3 C:\laragon\www\sistem_penilaian_dosen\system\Database\BaseBuilder.php(2345): CodeIgniter\Database\BaseConnection->query('INSERT INTO `do...', Array, false)
#4 C:\laragon\www\sistem_penilaian_dosen\system\Model.php(394): CodeIgniter\Database\BaseBuilder->insert()
#5 C:\laragon\www\sistem_penilaian_dosen\system\BaseModel.php(839): CodeIgniter\Model->doInsert(Array)
#6 C:\laragon\www\sistem_penilaian_dosen\system\Model.php(800): CodeIgniter\BaseModel->insert(Array, true)
#7 C:\laragon\www\sistem_penilaian_dosen\app\Controllers\Dosen.php(41): CodeIgniter\Model->insert(Array)
#8 C:\laragon\www\sistem_penilaian_dosen\system\CodeIgniter.php(933): App\Controllers\Dosen->create()
#9 C:\laragon\www\sistem_penilaian_dosen\system\CodeIgniter.php(507): CodeIgniter\CodeIgniter->runController(Object(App\Controllers\Dosen))
#10 C:\laragon\www\sistem_penilaian_dosen\system\CodeIgniter.php(354): CodeIgniter\CodeIgniter->handleRequest(NULL, Object(Config\Cache), false)
#11 C:\laragon\www\sistem_penilaian_dosen\system\Boot.php(334): CodeIgniter\CodeIgniter->run()
#12 C:\laragon\www\sistem_penilaian_dosen\system\Boot.php(67): CodeIgniter\Boot::runCodeIgniter(Object(CodeIgniter\CodeIgniter))
#13 C:\laragon\www\sistem_penilaian_dosen\public\index.php(56): CodeIgniter\Boot::bootWeb(Object(Config\Paths))
#14 C:\laragon\www\sistem_penilaian_dosen\system\rewrite.php(44): require_once('C:\\laragon\\www\\...')
#15 {main}
CRITICAL - 2025-04-17 01:44:24 --> CodeIgniter\Database\Exceptions\DatabaseException: Cannot add or update a child row: a foreign key constraint fails (`pbf_kinerja`.`dosen`, CONSTRAINT `dosen_id_matkul_foreign` FOREIGN KEY (`id_matkul`) REFERENCES `mata_kuliah` (`id_matkul`) ON DELETE CASCADE ON UPDATE CASCADE)
[Method: POST, Route: api/dosen/create]
in SYSTEMPATH\Database\BaseConnection.php on line 692.
 1 SYSTEMPATH\Database\BaseBuilder.php(2345): CodeIgniter\Database\BaseConnection->query('INSERT INTO `dosen` (`nama_dosen`, `nidn`, `id_prodi`, `id_matkul`) VALUES (:nama_dosen:, :nidn:, :id_prodi:, :id_matkul:)', [...], false)
 2 SYSTEMPATH\Model.php(394): CodeIgniter\Database\BaseBuilder->insert()
 3 SYSTEMPATH\BaseModel.php(839): CodeIgniter\Model->doInsert([...])
 4 SYSTEMPATH\Model.php(800): CodeIgniter\BaseModel->insert([...], true)
 5 APPPATH\Controllers\Dosen.php(41): CodeIgniter\Model->insert([...])
 6 SYSTEMPATH\CodeIgniter.php(933): App\Controllers\Dosen->create()
 7 SYSTEMPATH\CodeIgniter.php(507): CodeIgniter\CodeIgniter->runController(Object(App\Controllers\Dosen))
 8 SYSTEMPATH\CodeIgniter.php(354): CodeIgniter\CodeIgniter->handleRequest(null, Object(Config\Cache), false)
 9 SYSTEMPATH\Boot.php(334): CodeIgniter\CodeIgniter->run()
10 SYSTEMPATH\Boot.php(67): CodeIgniter\Boot::runCodeIgniter(Object(CodeIgniter\CodeIgniter))
11 FCPATH\index.php(56): CodeIgniter\Boot::bootWeb(Object(Config\Paths))
12 SYSTEMPATH\rewrite.php(44): require_once('C:\\laragon\\www\\sistem_penilaian_dosen\\public\\index.php')
CRITICAL - 2025-04-17 01:44:24 --> [Caused by] CodeIgniter\Database\Exceptions\DatabaseException: Cannot add or update a child row: a foreign key constraint fails (`pbf_kinerja`.`dosen`, CONSTRAINT `dosen_id_matkul_foreign` FOREIGN KEY (`id_matkul`) REFERENCES `mata_kuliah` (`id_matkul`) ON DELETE CASCADE ON UPDATE CASCADE)
in SYSTEMPATH\Database\MySQLi\Connection.php on line 332.
 1 SYSTEMPATH\Database\BaseConnection.php(738): CodeIgniter\Database\MySQLi\Connection->execute('INSERT INTO `dosen` (`nama_dosen`, `nidn`, `id_prodi`, `id_matkul`) VALUES (\'Lily\', \'1912345690\', 1, 2)')
 2 SYSTEMPATH\Database\BaseConnection.php(652): CodeIgniter\Database\BaseConnection->simpleQuery('INSERT INTO `dosen` (`nama_dosen`, `nidn`, `id_prodi`, `id_matkul`) VALUES (\'Lily\', \'1912345690\', 1, 2)')
 3 SYSTEMPATH\Database\BaseBuilder.php(2345): CodeIgniter\Database\BaseConnection->query('INSERT INTO `dosen` (`nama_dosen`, `nidn`, `id_prodi`, `id_matkul`) VALUES (:nama_dosen:, :nidn:, :id_prodi:, :id_matkul:)', [...], false)
 4 SYSTEMPATH\Model.php(394): CodeIgniter\Database\BaseBuilder->insert()
 5 SYSTEMPATH\BaseModel.php(839): CodeIgniter\Model->doInsert([...])
 6 SYSTEMPATH\Model.php(800): CodeIgniter\BaseModel->insert([...], true)
 7 APPPATH\Controllers\Dosen.php(41): CodeIgniter\Model->insert([...])
 8 SYSTEMPATH\CodeIgniter.php(933): App\Controllers\Dosen->create()
 9 SYSTEMPATH\CodeIgniter.php(507): CodeIgniter\CodeIgniter->runController(Object(App\Controllers\Dosen))
10 SYSTEMPATH\CodeIgniter.php(354): CodeIgniter\CodeIgniter->handleRequest(null, Object(Config\Cache), false)
11 SYSTEMPATH\Boot.php(334): CodeIgniter\CodeIgniter->run()
12 SYSTEMPATH\Boot.php(67): CodeIgniter\Boot::runCodeIgniter(Object(CodeIgniter\CodeIgniter))
13 FCPATH\index.php(56): CodeIgniter\Boot::bootWeb(Object(Config\Paths))
14 SYSTEMPATH\rewrite.php(44): require_once('C:\\laragon\\www\\sistem_penilaian_dosen\\public\\index.php')
CRITICAL - 2025-04-17 01:44:24 --> [Caused by] mysqli_sql_exception: Cannot add or update a child row: a foreign key constraint fails (`pbf_kinerja`.`dosen`, CONSTRAINT `dosen_id_matkul_foreign` FOREIGN KEY (`id_matkul`) REFERENCES `mata_kuliah` (`id_matkul`) ON DELETE CASCADE ON UPDATE CASCADE)
in SYSTEMPATH\Database\MySQLi\Connection.php on line 327.
 1 SYSTEMPATH\Database\MySQLi\Connection.php(327): mysqli->query('INSERT INTO `dosen` (`nama_dosen`, `nidn`, `id_prodi`, `id_matkul`) VALUES (\'Lily\', \'1912345690\', 1, 2)', 0)
 2 SYSTEMPATH\Database\BaseConnection.php(738): CodeIgniter\Database\MySQLi\Connection->execute('INSERT INTO `dosen` (`nama_dosen`, `nidn`, `id_prodi`, `id_matkul`) VALUES (\'Lily\', \'1912345690\', 1, 2)')
 3 SYSTEMPATH\Database\BaseConnection.php(652): CodeIgniter\Database\BaseConnection->simpleQuery('INSERT INTO `dosen` (`nama_dosen`, `nidn`, `id_prodi`, `id_matkul`) VALUES (\'Lily\', \'1912345690\', 1, 2)')
 4 SYSTEMPATH\Database\BaseBuilder.php(2345): CodeIgniter\Database\BaseConnection->query('INSERT INTO `dosen` (`nama_dosen`, `nidn`, `id_prodi`, `id_matkul`) VALUES (:nama_dosen:, :nidn:, :id_prodi:, :id_matkul:)', [...], false)
 5 SYSTEMPATH\Model.php(394): CodeIgniter\Database\BaseBuilder->insert()
 6 SYSTEMPATH\BaseModel.php(839): CodeIgniter\Model->doInsert([...])
 7 SYSTEMPATH\Model.php(800): CodeIgniter\BaseModel->insert([...], true)
 8 APPPATH\Controllers\Dosen.php(41): CodeIgniter\Model->insert([...])
 9 SYSTEMPATH\CodeIgniter.php(933): App\Controllers\Dosen->create()
10 SYSTEMPATH\CodeIgniter.php(507): CodeIgniter\CodeIgniter->runController(Object(App\Controllers\Dosen))
11 SYSTEMPATH\CodeIgniter.php(354): CodeIgniter\CodeIgniter->handleRequest(null, Object(Config\Cache), false)
12 SYSTEMPATH\Boot.php(334): CodeIgniter\CodeIgniter->run()
13 SYSTEMPATH\Boot.php(67): CodeIgniter\Boot::runCodeIgniter(Object(CodeIgniter\CodeIgniter))
14 FCPATH\index.php(56): CodeIgniter\Boot::bootWeb(Object(Config\Paths))
15 SYSTEMPATH\rewrite.php(44): require_once('C:\\laragon\\www\\sistem_penilaian_dosen\\public\\index.php')
ERROR - 2025-04-17 01:56:52 --> mysqli_sql_exception: Cannot add or update a child row: a foreign key constraint fails (`pbf_kinerja`.`penilaian`, CONSTRAINT `penilaian_id_dosen_foreign` FOREIGN KEY (`id_dosen`) REFERENCES `dosen` (`id_dosen`) ON DELETE CASCADE ON UPDATE CASCADE) in C:\laragon\www\sistem_penilaian_dosen\system\Database\MySQLi\Connection.php:327
Stack trace:
#0 C:\laragon\www\sistem_penilaian_dosen\system\Database\MySQLi\Connection.php(327): mysqli->query('INSERT INTO `pe...', 0)
#1 C:\laragon\www\sistem_penilaian_dosen\system\Database\BaseConnection.php(738): CodeIgniter\Database\MySQLi\Connection->execute('INSERT INTO `pe...')
#2 C:\laragon\www\sistem_penilaian_dosen\system\Database\BaseConnection.php(652): CodeIgniter\Database\BaseConnection->simpleQuery('INSERT INTO `pe...')
#3 C:\laragon\www\sistem_penilaian_dosen\system\Database\BaseBuilder.php(2345): CodeIgniter\Database\BaseConnection->query('INSERT INTO `pe...', Array, false)
#4 C:\laragon\www\sistem_penilaian_dosen\system\Model.php(394): CodeIgniter\Database\BaseBuilder->insert()
#5 C:\laragon\www\sistem_penilaian_dosen\system\BaseModel.php(839): CodeIgniter\Model->doInsert(Array)
#6 C:\laragon\www\sistem_penilaian_dosen\system\Model.php(800): CodeIgniter\BaseModel->insert(Array, true)
#7 C:\laragon\www\sistem_penilaian_dosen\app\Controllers\Penilaian.php(42): CodeIgniter\Model->insert(Array)
#8 C:\laragon\www\sistem_penilaian_dosen\system\CodeIgniter.php(933): App\Controllers\Penilaian->create()
#9 C:\laragon\www\sistem_penilaian_dosen\system\CodeIgniter.php(507): CodeIgniter\CodeIgniter->runController(Object(App\Controllers\Penilaian))
#10 C:\laragon\www\sistem_penilaian_dosen\system\CodeIgniter.php(354): CodeIgniter\CodeIgniter->handleRequest(NULL, Object(Config\Cache), false)
#11 C:\laragon\www\sistem_penilaian_dosen\system\Boot.php(334): CodeIgniter\CodeIgniter->run()
#12 C:\laragon\www\sistem_penilaian_dosen\system\Boot.php(67): CodeIgniter\Boot::runCodeIgniter(Object(CodeIgniter\CodeIgniter))
#13 C:\laragon\www\sistem_penilaian_dosen\public\index.php(56): CodeIgniter\Boot::bootWeb(Object(Config\Paths))
#14 C:\laragon\www\sistem_penilaian_dosen\system\rewrite.php(44): require_once('C:\\laragon\\www\\...')
#15 {main}
CRITICAL - 2025-04-17 01:56:52 --> CodeIgniter\Database\Exceptions\DatabaseException: Cannot add or update a child row: a foreign key constraint fails (`pbf_kinerja`.`penilaian`, CONSTRAINT `penilaian_id_dosen_foreign` FOREIGN KEY (`id_dosen`) REFERENCES `dosen` (`id_dosen`) ON DELETE CASCADE ON UPDATE CASCADE)
[Method: POST, Route: api/penilaian/create]
in SYSTEMPATH\Database\BaseConnection.php on line 692.
 1 SYSTEMPATH\Database\BaseBuilder.php(2345): CodeIgniter\Database\BaseConnection->query('INSERT INTO `penilaian` (`id_prodi`, `id_dosen`, `sks`, `aspek_nilai`, `saran`) VALUES (:id_prodi:, :id_dosen:, :sks:, :aspek_nilai:, :saran:)', [...], false)
 2 SYSTEMPATH\Model.php(394): CodeIgniter\Database\BaseBuilder->insert()
 3 SYSTEMPATH\BaseModel.php(839): CodeIgniter\Model->doInsert([...])
 4 SYSTEMPATH\Model.php(800): CodeIgniter\BaseModel->insert([...], true)
 5 APPPATH\Controllers\Penilaian.php(42): CodeIgniter\Model->insert([...])
 6 SYSTEMPATH\CodeIgniter.php(933): App\Controllers\Penilaian->create()
 7 SYSTEMPATH\CodeIgniter.php(507): CodeIgniter\CodeIgniter->runController(Object(App\Controllers\Penilaian))
 8 SYSTEMPATH\CodeIgniter.php(354): CodeIgniter\CodeIgniter->handleRequest(null, Object(Config\Cache), false)
 9 SYSTEMPATH\Boot.php(334): CodeIgniter\CodeIgniter->run()
10 SYSTEMPATH\Boot.php(67): CodeIgniter\Boot::runCodeIgniter(Object(CodeIgniter\CodeIgniter))
11 FCPATH\index.php(56): CodeIgniter\Boot::bootWeb(Object(Config\Paths))
12 SYSTEMPATH\rewrite.php(44): require_once('C:\\laragon\\www\\sistem_penilaian_dosen\\public\\index.php')
CRITICAL - 2025-04-17 01:56:52 --> [Caused by] CodeIgniter\Database\Exceptions\DatabaseException: Cannot add or update a child row: a foreign key constraint fails (`pbf_kinerja`.`penilaian`, CONSTRAINT `penilaian_id_dosen_foreign` FOREIGN KEY (`id_dosen`) REFERENCES `dosen` (`id_dosen`) ON DELETE CASCADE ON UPDATE CASCADE)
in SYSTEMPATH\Database\MySQLi\Connection.php on line 332.
 1 SYSTEMPATH\Database\BaseConnection.php(738): CodeIgniter\Database\MySQLi\Connection->execute('INSERT INTO `penilaian` (`id_prodi`, `id_dosen`, `sks`, `aspek_nilai`, `saran`) VALUES (1, 2, 3, 4, \'Penjelasan lebih detail mengenai materi\')')
 2 SYSTEMPATH\Database\BaseConnection.php(652): CodeIgniter\Database\BaseConnection->simpleQuery('INSERT INTO `penilaian` (`id_prodi`, `id_dosen`, `sks`, `aspek_nilai`, `saran`) VALUES (1, 2, 3, 4, \'Penjelasan lebih detail mengenai materi\')')
 3 SYSTEMPATH\Database\BaseBuilder.php(2345): CodeIgniter\Database\BaseConnection->query('INSERT INTO `penilaian` (`id_prodi`, `id_dosen`, `sks`, `aspek_nilai`, `saran`) VALUES (:id_prodi:, :id_dosen:, :sks:, :aspek_nilai:, :saran:)', [...], false)
 4 SYSTEMPATH\Model.php(394): CodeIgniter\Database\BaseBuilder->insert()
 5 SYSTEMPATH\BaseModel.php(839): CodeIgniter\Model->doInsert([...])
 6 SYSTEMPATH\Model.php(800): CodeIgniter\BaseModel->insert([...], true)
 7 APPPATH\Controllers\Penilaian.php(42): CodeIgniter\Model->insert([...])
 8 SYSTEMPATH\CodeIgniter.php(933): App\Controllers\Penilaian->create()
 9 SYSTEMPATH\CodeIgniter.php(507): CodeIgniter\CodeIgniter->runController(Object(App\Controllers\Penilaian))
10 SYSTEMPATH\CodeIgniter.php(354): CodeIgniter\CodeIgniter->handleRequest(null, Object(Config\Cache), false)
11 SYSTEMPATH\Boot.php(334): CodeIgniter\CodeIgniter->run()
12 SYSTEMPATH\Boot.php(67): CodeIgniter\Boot::runCodeIgniter(Object(CodeIgniter\CodeIgniter))
13 FCPATH\index.php(56): CodeIgniter\Boot::bootWeb(Object(Config\Paths))
14 SYSTEMPATH\rewrite.php(44): require_once('C:\\laragon\\www\\sistem_penilaian_dosen\\public\\index.php')
CRITICAL - 2025-04-17 01:56:52 --> [Caused by] mysqli_sql_exception: Cannot add or update a child row: a foreign key constraint fails (`pbf_kinerja`.`penilaian`, CONSTRAINT `penilaian_id_dosen_foreign` FOREIGN KEY (`id_dosen`) REFERENCES `dosen` (`id_dosen`) ON DELETE CASCADE ON UPDATE CASCADE)
in SYSTEMPATH\Database\MySQLi\Connection.php on line 327.
 1 SYSTEMPATH\Database\MySQLi\Connection.php(327): mysqli->query('INSERT INTO `penilaian` (`id_prodi`, `id_dosen`, `sks`, `aspek_nilai`, `saran`) VALUES (1, 2, 3, 4, \'Penjelasan lebih detail mengenai materi\')', 0)
 2 SYSTEMPATH\Database\BaseConnection.php(738): CodeIgniter\Database\MySQLi\Connection->execute('INSERT INTO `penilaian` (`id_prodi`, `id_dosen`, `sks`, `aspek_nilai`, `saran`) VALUES (1, 2, 3, 4, \'Penjelasan lebih detail mengenai materi\')')
 3 SYSTEMPATH\Database\BaseConnection.php(652): CodeIgniter\Database\BaseConnection->simpleQuery('INSERT INTO `penilaian` (`id_prodi`, `id_dosen`, `sks`, `aspek_nilai`, `saran`) VALUES (1, 2, 3, 4, \'Penjelasan lebih detail mengenai materi\')')
 4 SYSTEMPATH\Database\BaseBuilder.php(2345): CodeIgniter\Database\BaseConnection->query('INSERT INTO `penilaian` (`id_prodi`, `id_dosen`, `sks`, `aspek_nilai`, `saran`) VALUES (:id_prodi:, :id_dosen:, :sks:, :aspek_nilai:, :saran:)', [...], false)
 5 SYSTEMPATH\Model.php(394): CodeIgniter\Database\BaseBuilder->insert()
 6 SYSTEMPATH\BaseModel.php(839): CodeIgniter\Model->doInsert([...])
 7 SYSTEMPATH\Model.php(800): CodeIgniter\BaseModel->insert([...], true)
 8 APPPATH\Controllers\Penilaian.php(42): CodeIgniter\Model->insert([...])
 9 SYSTEMPATH\CodeIgniter.php(933): App\Controllers\Penilaian->create()
10 SYSTEMPATH\CodeIgniter.php(507): CodeIgniter\CodeIgniter->runController(Object(App\Controllers\Penilaian))
11 SYSTEMPATH\CodeIgniter.php(354): CodeIgniter\CodeIgniter->handleRequest(null, Object(Config\Cache), false)
12 SYSTEMPATH\Boot.php(334): CodeIgniter\CodeIgniter->run()
13 SYSTEMPATH\Boot.php(67): CodeIgniter\Boot::runCodeIgniter(Object(CodeIgniter\CodeIgniter))
14 FCPATH\index.php(56): CodeIgniter\Boot::bootWeb(Object(Config\Paths))
15 SYSTEMPATH\rewrite.php(44): require_once('C:\\laragon\\www\\sistem_penilaian_dosen\\public\\index.php')
