ERROR - 2025-06-18 01:03:01 --> mysqli_sql_exception: Failed to add the foreign key constraint. Missing column 'id_mahasiswa' for constraint 'fk_id_mahasiswa' in the referenced table 'mahasiswa' in C:\laragon\www\sistem_penilaian_dosen - Copy (2) - Copy\system\Database\MySQLi\Connection.php:327
Stack trace:
#0 C:\laragon\www\sistem_penilaian_dosen - Copy (2) - Copy\system\Database\MySQLi\Connection.php(327): mysqli->query('ALTER TABLE pen...', 0)
#1 C:\laragon\www\sistem_penilaian_dosen - Copy (2) - Copy\system\Database\BaseConnection.php(738): CodeIgniter\Database\MySQLi\Connection->execute('ALTER TABLE pen...')
#2 C:\laragon\www\sistem_penilaian_dosen - Copy (2) - Copy\system\Database\BaseConnection.php(652): CodeIgniter\Database\BaseConnection->simpleQuery('ALTER TABLE pen...')
#3 C:\laragon\www\sistem_penilaian_dosen - Copy (2) - Copy\app\Database\Migrations\2025-06-18-010147_AddIdMahasiswaToPenilaian.php(21): CodeIgniter\Database\BaseConnection->query('ALTER TABLE pen...')
#4 C:\laragon\www\sistem_penilaian_dosen - Copy (2) - Copy\system\Database\MigrationRunner.php(866): App\Database\Migrations\AddIdMahasiswaToPenilaian->up()
#5 C:\laragon\www\sistem_penilaian_dosen - Copy (2) - Copy\system\Database\MigrationRunner.php(182): CodeIgniter\Database\MigrationRunner->migrate('up', Object(stdClass))
#6 C:\laragon\www\sistem_penilaian_dosen - Copy (2) - Copy\system\Commands\Database\Migrate.php(85): CodeIgniter\Database\MigrationRunner->latest(NULL)
#7 C:\laragon\www\sistem_penilaian_dosen - Copy (2) - Copy\system\CLI\Commands.php(70): CodeIgniter\Commands\Database\Migrate->run(Array)
#8 C:\laragon\www\sistem_penilaian_dosen - Copy (2) - Copy\system\CLI\Console.php(48): CodeIgniter\CLI\Commands->run('migrate', Array)
#9 C:\laragon\www\sistem_penilaian_dosen - Copy (2) - Copy\system\Boot.php(360): CodeIgniter\CLI\Console->run()
#10 C:\laragon\www\sistem_penilaian_dosen - Copy (2) - Copy\system\Boot.php(104): CodeIgniter\Boot::runCommand(Object(CodeIgniter\CLI\Console))
#11 C:\laragon\www\sistem_penilaian_dosen - Copy (2) - Copy\spark(84): CodeIgniter\Boot::bootSpark(Object(Config\Paths))
#12 {main}
ERROR - 2025-06-18 01:05:28 --> mysqli_sql_exception: Referencing column 'id_mhs' and referenced column 'id_mhs' in foreign key constraint 'fk_id_mhs' are incompatible. in C:\laragon\www\sistem_penilaian_dosen - Copy (2) - Copy\system\Database\MySQLi\Connection.php:327
Stack trace:
#0 C:\laragon\www\sistem_penilaian_dosen - Copy (2) - Copy\system\Database\MySQLi\Connection.php(327): mysqli->query('ALTER TABLE pen...', 0)
#1 C:\laragon\www\sistem_penilaian_dosen - Copy (2) - Copy\system\Database\BaseConnection.php(738): CodeIgniter\Database\MySQLi\Connection->execute('ALTER TABLE pen...')
#2 C:\laragon\www\sistem_penilaian_dosen - Copy (2) - Copy\system\Database\BaseConnection.php(652): CodeIgniter\Database\BaseConnection->simpleQuery('ALTER TABLE pen...')
#3 C:\laragon\www\sistem_penilaian_dosen - Copy (2) - Copy\app\Database\Migrations\2025-06-18-010147_AddIdMahasiswaToPenilaian.php(20): CodeIgniter\Database\BaseConnection->query('ALTER TABLE pen...')
#4 C:\laragon\www\sistem_penilaian_dosen - Copy (2) - Copy\system\Database\MigrationRunner.php(866): App\Database\Migrations\AddIdMahasiswaToPenilaian->up()
#5 C:\laragon\www\sistem_penilaian_dosen - Copy (2) - Copy\system\Database\MigrationRunner.php(182): CodeIgniter\Database\MigrationRunner->migrate('up', Object(stdClass))
#6 C:\laragon\www\sistem_penilaian_dosen - Copy (2) - Copy\system\Commands\Database\Migrate.php(85): CodeIgniter\Database\MigrationRunner->latest(NULL)
#7 C:\laragon\www\sistem_penilaian_dosen - Copy (2) - Copy\system\CLI\Commands.php(70): CodeIgniter\Commands\Database\Migrate->run(Array)
#8 C:\laragon\www\sistem_penilaian_dosen - Copy (2) - Copy\system\CLI\Console.php(48): CodeIgniter\CLI\Commands->run('migrate', Array)
#9 C:\laragon\www\sistem_penilaian_dosen - Copy (2) - Copy\system\Boot.php(360): CodeIgniter\CLI\Console->run()
#10 C:\laragon\www\sistem_penilaian_dosen - Copy (2) - Copy\system\Boot.php(104): CodeIgniter\Boot::runCommand(Object(CodeIgniter\CLI\Console))
#11 C:\laragon\www\sistem_penilaian_dosen - Copy (2) - Copy\spark(84): CodeIgniter\Boot::bootSpark(Object(Config\Paths))
#12 {main}
ERROR - 2025-06-18 01:09:12 --> mysqli_sql_exception: Duplicate column name 'id_mhs' in C:\laragon\www\sistem_penilaian_dosen - Copy (2) - Copy\system\Database\MySQLi\Connection.php:327
Stack trace:
#0 C:\laragon\www\sistem_penilaian_dosen - Copy (2) - Copy\system\Database\MySQLi\Connection.php(327): mysqli->query('ALTER TABLE `pe...', 0)
#1 C:\laragon\www\sistem_penilaian_dosen - Copy (2) - Copy\system\Database\BaseConnection.php(738): CodeIgniter\Database\MySQLi\Connection->execute('ALTER TABLE `pe...')
#2 C:\laragon\www\sistem_penilaian_dosen - Copy (2) - Copy\system\Database\BaseConnection.php(652): CodeIgniter\Database\BaseConnection->simpleQuery('ALTER TABLE `pe...')
#3 C:\laragon\www\sistem_penilaian_dosen - Copy (2) - Copy\system\Database\Forge.php(772): CodeIgniter\Database\BaseConnection->query('ALTER TABLE `pe...')
#4 C:\laragon\www\sistem_penilaian_dosen - Copy (2) - Copy\app\Database\Migrations\2025-06-18-010147_AddIdMahasiswaToPenilaian.php(12): CodeIgniter\Database\Forge->addColumn('penilaian', Array)
#5 C:\laragon\www\sistem_penilaian_dosen - Copy (2) - Copy\system\Database\MigrationRunner.php(866): App\Database\Migrations\AddIdMahasiswaToPenilaian->up()
#6 C:\laragon\www\sistem_penilaian_dosen - Copy (2) - Copy\system\Database\MigrationRunner.php(182): CodeIgniter\Database\MigrationRunner->migrate('up', Object(stdClass))
#7 C:\laragon\www\sistem_penilaian_dosen - Copy (2) - Copy\system\Commands\Database\Migrate.php(85): CodeIgniter\Database\MigrationRunner->latest(NULL)
#8 C:\laragon\www\sistem_penilaian_dosen - Copy (2) - Copy\system\CLI\Commands.php(70): CodeIgniter\Commands\Database\Migrate->run(Array)
#9 C:\laragon\www\sistem_penilaian_dosen - Copy (2) - Copy\system\CLI\Console.php(48): CodeIgniter\CLI\Commands->run('migrate', Array)
#10 C:\laragon\www\sistem_penilaian_dosen - Copy (2) - Copy\system\Boot.php(360): CodeIgniter\CLI\Console->run()
#11 C:\laragon\www\sistem_penilaian_dosen - Copy (2) - Copy\system\Boot.php(104): CodeIgniter\Boot::runCommand(Object(CodeIgniter\CLI\Console))
#12 C:\laragon\www\sistem_penilaian_dosen - Copy (2) - Copy\spark(84): CodeIgniter\Boot::bootSpark(Object(Config\Paths))
#13 {main}
ERROR - 2025-06-18 01:18:58 --> mysqli_sql_exception: Duplicate column name 'id_mhs' in C:\laragon\www\sistem_penilaian_dosen - Copy (2) - Copy\system\Database\MySQLi\Connection.php:327
Stack trace:
#0 C:\laragon\www\sistem_penilaian_dosen - Copy (2) - Copy\system\Database\MySQLi\Connection.php(327): mysqli->query('ALTER TABLE `pe...', 0)
#1 C:\laragon\www\sistem_penilaian_dosen - Copy (2) - Copy\system\Database\BaseConnection.php(738): CodeIgniter\Database\MySQLi\Connection->execute('ALTER TABLE `pe...')
#2 C:\laragon\www\sistem_penilaian_dosen - Copy (2) - Copy\system\Database\BaseConnection.php(652): CodeIgniter\Database\BaseConnection->simpleQuery('ALTER TABLE `pe...')
#3 C:\laragon\www\sistem_penilaian_dosen - Copy (2) - Copy\system\Database\Forge.php(772): CodeIgniter\Database\BaseConnection->query('ALTER TABLE `pe...')
#4 C:\laragon\www\sistem_penilaian_dosen - Copy (2) - Copy\app\Database\Migrations\2025-06-18-010147_AddIdMahasiswaToPenilaian.php(12): CodeIgniter\Database\Forge->addColumn('penilaian', Array)
#5 C:\laragon\www\sistem_penilaian_dosen - Copy (2) - Copy\system\Database\MigrationRunner.php(866): App\Database\Migrations\AddIdMahasiswaToPenilaian->up()
#6 C:\laragon\www\sistem_penilaian_dosen - Copy (2) - Copy\system\Database\MigrationRunner.php(182): CodeIgniter\Database\MigrationRunner->migrate('up', Object(stdClass))
#7 C:\laragon\www\sistem_penilaian_dosen - Copy (2) - Copy\system\Commands\Database\Migrate.php(85): CodeIgniter\Database\MigrationRunner->latest(NULL)
#8 C:\laragon\www\sistem_penilaian_dosen - Copy (2) - Copy\system\CLI\Commands.php(70): CodeIgniter\Commands\Database\Migrate->run(Array)
#9 C:\laragon\www\sistem_penilaian_dosen - Copy (2) - Copy\system\CLI\Console.php(48): CodeIgniter\CLI\Commands->run('migrate', Array)
#10 C:\laragon\www\sistem_penilaian_dosen - Copy (2) - Copy\system\Boot.php(360): CodeIgniter\CLI\Console->run()
#11 C:\laragon\www\sistem_penilaian_dosen - Copy (2) - Copy\system\Boot.php(104): CodeIgniter\Boot::runCommand(Object(CodeIgniter\CLI\Console))
#12 C:\laragon\www\sistem_penilaian_dosen - Copy (2) - Copy\spark(84): CodeIgniter\Boot::bootSpark(Object(Config\Paths))
#13 {main}
ERROR - 2025-06-18 01:20:15 --> mysqli_sql_exception: Duplicate column name 'id_mhs' in C:\laragon\www\sistem_penilaian_dosen - Copy (2) - Copy\system\Database\MySQLi\Connection.php:327
Stack trace:
#0 C:\laragon\www\sistem_penilaian_dosen - Copy (2) - Copy\system\Database\MySQLi\Connection.php(327): mysqli->query('ALTER TABLE `pe...', 0)
#1 C:\laragon\www\sistem_penilaian_dosen - Copy (2) - Copy\system\Database\BaseConnection.php(738): CodeIgniter\Database\MySQLi\Connection->execute('ALTER TABLE `pe...')
#2 C:\laragon\www\sistem_penilaian_dosen - Copy (2) - Copy\system\Database\BaseConnection.php(652): CodeIgniter\Database\BaseConnection->simpleQuery('ALTER TABLE `pe...')
#3 C:\laragon\www\sistem_penilaian_dosen - Copy (2) - Copy\system\Database\Forge.php(772): CodeIgniter\Database\BaseConnection->query('ALTER TABLE `pe...')
#4 C:\laragon\www\sistem_penilaian_dosen - Copy (2) - Copy\app\Database\Migrations\2025-06-18-010147_AddIdMahasiswaToPenilaian.php(12): CodeIgniter\Database\Forge->addColumn('penilaian', Array)
#5 C:\laragon\www\sistem_penilaian_dosen - Copy (2) - Copy\system\Database\MigrationRunner.php(866): App\Database\Migrations\AddIdMahasiswaToPenilaian->up()
#6 C:\laragon\www\sistem_penilaian_dosen - Copy (2) - Copy\system\Database\MigrationRunner.php(182): CodeIgniter\Database\MigrationRunner->migrate('up', Object(stdClass))
#7 C:\laragon\www\sistem_penilaian_dosen - Copy (2) - Copy\system\Commands\Database\Migrate.php(85): CodeIgniter\Database\MigrationRunner->latest(NULL)
#8 C:\laragon\www\sistem_penilaian_dosen - Copy (2) - Copy\system\CLI\Commands.php(70): CodeIgniter\Commands\Database\Migrate->run(Array)
#9 C:\laragon\www\sistem_penilaian_dosen - Copy (2) - Copy\system\CLI\Console.php(48): CodeIgniter\CLI\Commands->run('migrate', Array)
#10 C:\laragon\www\sistem_penilaian_dosen - Copy (2) - Copy\system\Boot.php(360): CodeIgniter\CLI\Console->run()
#11 C:\laragon\www\sistem_penilaian_dosen - Copy (2) - Copy\system\Boot.php(104): CodeIgniter\Boot::runCommand(Object(CodeIgniter\CLI\Console))
#12 C:\laragon\www\sistem_penilaian_dosen - Copy (2) - Copy\spark(84): CodeIgniter\Boot::bootSpark(Object(Config\Paths))
#13 {main}
ERROR - 2025-06-18 01:21:58 --> mysqli_sql_exception: Referencing column 'id_mhs' and referenced column 'id_mhs' in foreign key constraint 'id_mhs' are incompatible. in C:\laragon\www\sistem_penilaian_dosen - Copy (2) - Copy\system\Database\MySQLi\Connection.php:327
Stack trace:
#0 C:\laragon\www\sistem_penilaian_dosen - Copy (2) - Copy\system\Database\MySQLi\Connection.php(327): mysqli->query('ALTER TABLE pen...', 0)
#1 C:\laragon\www\sistem_penilaian_dosen - Copy (2) - Copy\system\Database\BaseConnection.php(738): CodeIgniter\Database\MySQLi\Connection->execute('ALTER TABLE pen...')
#2 C:\laragon\www\sistem_penilaian_dosen - Copy (2) - Copy\system\Database\BaseConnection.php(652): CodeIgniter\Database\BaseConnection->simpleQuery('ALTER TABLE pen...')
#3 C:\laragon\www\sistem_penilaian_dosen - Copy (2) - Copy\app\Database\Migrations\2025-06-18-010147_AddIdMahasiswaToPenilaian.php(19): CodeIgniter\Database\BaseConnection->query('ALTER TABLE pen...')
#4 C:\laragon\www\sistem_penilaian_dosen - Copy (2) - Copy\system\Database\MigrationRunner.php(866): App\Database\Migrations\AddIdMahasiswaToPenilaian->up()
#5 C:\laragon\www\sistem_penilaian_dosen - Copy (2) - Copy\system\Database\MigrationRunner.php(182): CodeIgniter\Database\MigrationRunner->migrate('up', Object(stdClass))
#6 C:\laragon\www\sistem_penilaian_dosen - Copy (2) - Copy\system\Commands\Database\Migrate.php(85): CodeIgniter\Database\MigrationRunner->latest(NULL)
#7 C:\laragon\www\sistem_penilaian_dosen - Copy (2) - Copy\system\CLI\Commands.php(70): CodeIgniter\Commands\Database\Migrate->run(Array)
#8 C:\laragon\www\sistem_penilaian_dosen - Copy (2) - Copy\system\CLI\Console.php(48): CodeIgniter\CLI\Commands->run('migrate', Array)
#9 C:\laragon\www\sistem_penilaian_dosen - Copy (2) - Copy\system\Boot.php(360): CodeIgniter\CLI\Console->run()
#10 C:\laragon\www\sistem_penilaian_dosen - Copy (2) - Copy\system\Boot.php(104): CodeIgniter\Boot::runCommand(Object(CodeIgniter\CLI\Console))
#11 C:\laragon\www\sistem_penilaian_dosen - Copy (2) - Copy\spark(84): CodeIgniter\Boot::bootSpark(Object(Config\Paths))
#12 {main}
ERROR - 2025-06-18 01:23:49 --> mysqli_sql_exception: Duplicate column name 'id_mhs' in C:\laragon\www\sistem_penilaian_dosen - Copy (2) - Copy\system\Database\MySQLi\Connection.php:327
Stack trace:
#0 C:\laragon\www\sistem_penilaian_dosen - Copy (2) - Copy\system\Database\MySQLi\Connection.php(327): mysqli->query('ALTER TABLE `pe...', 0)
#1 C:\laragon\www\sistem_penilaian_dosen - Copy (2) - Copy\system\Database\BaseConnection.php(738): CodeIgniter\Database\MySQLi\Connection->execute('ALTER TABLE `pe...')
#2 C:\laragon\www\sistem_penilaian_dosen - Copy (2) - Copy\system\Database\BaseConnection.php(652): CodeIgniter\Database\BaseConnection->simpleQuery('ALTER TABLE `pe...')
#3 C:\laragon\www\sistem_penilaian_dosen - Copy (2) - Copy\system\Database\Forge.php(772): CodeIgniter\Database\BaseConnection->query('ALTER TABLE `pe...')
#4 C:\laragon\www\sistem_penilaian_dosen - Copy (2) - Copy\app\Database\Migrations\2025-04-15-072752_Mahasiswa.php(11): CodeIgniter\Database\Forge->addColumn('penilaian', Array)
#5 C:\laragon\www\sistem_penilaian_dosen - Copy (2) - Copy\system\Database\MigrationRunner.php(866): App\Database\Migrations\AddIdMahasiswaToPenilaian->up()
#6 C:\laragon\www\sistem_penilaian_dosen - Copy (2) - Copy\system\Database\MigrationRunner.php(182): CodeIgniter\Database\MigrationRunner->migrate('up', Object(stdClass))
#7 C:\laragon\www\sistem_penilaian_dosen - Copy (2) - Copy\system\Commands\Database\Migrate.php(85): CodeIgniter\Database\MigrationRunner->latest(NULL)
#8 C:\laragon\www\sistem_penilaian_dosen - Copy (2) - Copy\system\CLI\Commands.php(70): CodeIgniter\Commands\Database\Migrate->run(Array)
#9 C:\laragon\www\sistem_penilaian_dosen - Copy (2) - Copy\system\CLI\Console.php(48): CodeIgniter\CLI\Commands->run('migrate', Array)
#10 C:\laragon\www\sistem_penilaian_dosen - Copy (2) - Copy\system\Boot.php(360): CodeIgniter\CLI\Console->run()
#11 C:\laragon\www\sistem_penilaian_dosen - Copy (2) - Copy\system\Boot.php(104): CodeIgniter\Boot::runCommand(Object(CodeIgniter\CLI\Console))
#12 C:\laragon\www\sistem_penilaian_dosen - Copy (2) - Copy\spark(84): CodeIgniter\Boot::bootSpark(Object(Config\Paths))
#13 {main}
CRITICAL - 2025-06-18 01:25:21 --> ErrorException: Cannot declare class App\Database\Migrations\AddIdMahasiswaToPenilaian, because the name is already in use
[Method: CLI, Route: migrate]
in APPPATH\Database\Migrations\2025-06-18-010147_AddIdMahasiswaToPenilaian.php on line 7.
 1 [internal function]: CodeIgniter\Debug\Exceptions->shutdownHandler()
ERROR - 2025-06-18 01:26:05 --> mysqli_sql_exception: Can't DROP 'id_mahasiswa'; check that column/key exists in C:\laragon\www\sistem_penilaian_dosen - Copy (2) - Copy\system\Database\MySQLi\Connection.php:327
Stack trace:
#0 C:\laragon\www\sistem_penilaian_dosen - Copy (2) - Copy\system\Database\MySQLi\Connection.php(327): mysqli->query('ALTER TABLE `pe...', 0)
#1 C:\laragon\www\sistem_penilaian_dosen - Copy (2) - Copy\system\Database\BaseConnection.php(738): CodeIgniter\Database\MySQLi\Connection->execute('ALTER TABLE `pe...')
#2 C:\laragon\www\sistem_penilaian_dosen - Copy (2) - Copy\system\Database\BaseConnection.php(652): CodeIgniter\Database\BaseConnection->simpleQuery('ALTER TABLE `pe...')
#3 C:\laragon\www\sistem_penilaian_dosen - Copy (2) - Copy\system\Database\Forge.php(799): CodeIgniter\Database\BaseConnection->query('ALTER TABLE `pe...')
#4 C:\laragon\www\sistem_penilaian_dosen - Copy (2) - Copy\app\Database\Migrations\2025-06-18-011817_RemoveIdMahasiswaFromPenilaian.php(12): CodeIgniter\Database\Forge->dropColumn('penilaian', 'id_mahasiswa')
#5 C:\laragon\www\sistem_penilaian_dosen - Copy (2) - Copy\system\Database\MigrationRunner.php(866): App\Database\Migrations\RemoveIdMahasiswaFromPenilaian->up()
#6 C:\laragon\www\sistem_penilaian_dosen - Copy (2) - Copy\system\Database\MigrationRunner.php(182): CodeIgniter\Database\MigrationRunner->migrate('up', Object(stdClass))
#7 C:\laragon\www\sistem_penilaian_dosen - Copy (2) - Copy\system\Commands\Database\Migrate.php(85): CodeIgniter\Database\MigrationRunner->latest(NULL)
#8 C:\laragon\www\sistem_penilaian_dosen - Copy (2) - Copy\system\CLI\Commands.php(70): CodeIgniter\Commands\Database\Migrate->run(Array)
#9 C:\laragon\www\sistem_penilaian_dosen - Copy (2) - Copy\system\CLI\Console.php(48): CodeIgniter\CLI\Commands->run('migrate', Array)
#10 C:\laragon\www\sistem_penilaian_dosen - Copy (2) - Copy\system\Boot.php(360): CodeIgniter\CLI\Console->run()
#11 C:\laragon\www\sistem_penilaian_dosen - Copy (2) - Copy\system\Boot.php(104): CodeIgniter\Boot::runCommand(Object(CodeIgniter\CLI\Console))
#12 C:\laragon\www\sistem_penilaian_dosen - Copy (2) - Copy\spark(84): CodeIgniter\Boot::bootSpark(Object(Config\Paths))
#13 {main}
ERROR - 2025-06-18 01:43:34 --> mysqli_sql_exception: Failed to open the referenced table 'matkul' in C:\laragon\www\sistem_penilaian_dosen - Copy (2) - Copy\system\Database\MySQLi\Connection.php:327
Stack trace:
#0 C:\laragon\www\sistem_penilaian_dosen - Copy (2) - Copy\system\Database\MySQLi\Connection.php(327): mysqli->query('ALTER TABLE pen...', 0)
#1 C:\laragon\www\sistem_penilaian_dosen - Copy (2) - Copy\system\Database\BaseConnection.php(738): CodeIgniter\Database\MySQLi\Connection->execute('ALTER TABLE pen...')
#2 C:\laragon\www\sistem_penilaian_dosen - Copy (2) - Copy\system\Database\BaseConnection.php(652): CodeIgniter\Database\BaseConnection->simpleQuery('ALTER TABLE pen...')
#3 C:\laragon\www\sistem_penilaian_dosen - Copy (2) - Copy\app\Database\Migrations\2025-06-18-014240_Addmatkultopenilaian.php(19): CodeIgniter\Database\BaseConnection->query('ALTER TABLE pen...')
#4 C:\laragon\www\sistem_penilaian_dosen - Copy (2) - Copy\system\Database\MigrationRunner.php(866): App\Database\Migrations\AddIdMatkulToPenilaian->up()
#5 C:\laragon\www\sistem_penilaian_dosen - Copy (2) - Copy\system\Database\MigrationRunner.php(182): CodeIgniter\Database\MigrationRunner->migrate('up', Object(stdClass))
#6 C:\laragon\www\sistem_penilaian_dosen - Copy (2) - Copy\system\Commands\Database\Migrate.php(85): CodeIgniter\Database\MigrationRunner->latest(NULL)
#7 C:\laragon\www\sistem_penilaian_dosen - Copy (2) - Copy\system\CLI\Commands.php(70): CodeIgniter\Commands\Database\Migrate->run(Array)
#8 C:\laragon\www\sistem_penilaian_dosen - Copy (2) - Copy\system\CLI\Console.php(48): CodeIgniter\CLI\Commands->run('migrate', Array)
#9 C:\laragon\www\sistem_penilaian_dosen - Copy (2) - Copy\system\Boot.php(360): CodeIgniter\CLI\Console->run()
#10 C:\laragon\www\sistem_penilaian_dosen - Copy (2) - Copy\system\Boot.php(104): CodeIgniter\Boot::runCommand(Object(CodeIgniter\CLI\Console))
#11 C:\laragon\www\sistem_penilaian_dosen - Copy (2) - Copy\spark(84): CodeIgniter\Boot::bootSpark(Object(Config\Paths))
#12 {main}
ERROR - 2025-06-18 02:23:59 --> mysqli_sql_exception: Unknown column 'nama_mahasiswa' in 'mahasiswa' in C:\laragon\www\sistem_penilaian_dosen - Copy (2) - Copy\system\Database\MySQLi\Connection.php:327
Stack trace:
#0 C:\laragon\www\sistem_penilaian_dosen - Copy (2) - Copy\system\Database\MySQLi\Connection.php(327): mysqli->query('ALTER TABLE `ma...', 0)
#1 C:\laragon\www\sistem_penilaian_dosen - Copy (2) - Copy\system\Database\BaseConnection.php(738): CodeIgniter\Database\MySQLi\Connection->execute('ALTER TABLE `ma...')
#2 C:\laragon\www\sistem_penilaian_dosen - Copy (2) - Copy\system\Database\BaseConnection.php(652): CodeIgniter\Database\BaseConnection->simpleQuery('ALTER TABLE `ma...')
#3 C:\laragon\www\sistem_penilaian_dosen - Copy (2) - Copy\system\Database\Forge.php(772): CodeIgniter\Database\BaseConnection->query('ALTER TABLE `ma...')
#4 C:\laragon\www\sistem_penilaian_dosen - Copy (2) - Copy\app\Database\Migrations\2025-06-18-022327_AddEmailToMahasiswa.php(12): CodeIgniter\Database\Forge->addColumn('mahasiswa', Array)
#5 C:\laragon\www\sistem_penilaian_dosen - Copy (2) - Copy\system\Database\MigrationRunner.php(866): App\Database\Migrations\AddEmailToMahasiswa->up()
#6 C:\laragon\www\sistem_penilaian_dosen - Copy (2) - Copy\system\Database\MigrationRunner.php(182): CodeIgniter\Database\MigrationRunner->migrate('up', Object(stdClass))
#7 C:\laragon\www\sistem_penilaian_dosen - Copy (2) - Copy\system\Commands\Database\Migrate.php(85): CodeIgniter\Database\MigrationRunner->latest(NULL)
#8 C:\laragon\www\sistem_penilaian_dosen - Copy (2) - Copy\system\CLI\Commands.php(70): CodeIgniter\Commands\Database\Migrate->run(Array)
#9 C:\laragon\www\sistem_penilaian_dosen - Copy (2) - Copy\system\CLI\Console.php(48): CodeIgniter\CLI\Commands->run('migrate', Array)
#10 C:\laragon\www\sistem_penilaian_dosen - Copy (2) - Copy\system\Boot.php(360): CodeIgniter\CLI\Console->run()
#11 C:\laragon\www\sistem_penilaian_dosen - Copy (2) - Copy\system\Boot.php(104): CodeIgniter\Boot::runCommand(Object(CodeIgniter\CLI\Console))
#12 C:\laragon\www\sistem_penilaian_dosen - Copy (2) - Copy\spark(84): CodeIgniter\Boot::bootSpark(Object(Config\Paths))
#13 {main}
