DEBUG - 2025-06-16 04:00:23 --> Session: Class initialized using 'CodeIgniter\Session\Handlers\FileHandler' driver.
DEBUG - 2025-06-16 04:00:52 --> Session: Class initialized using 'CodeIgniter\Session\Handlers\FileHandler' driver.
DEBUG - 2025-06-16 04:00:54 --> Session: Class initialized using 'CodeIgniter\Session\Handlers\FileHandler' driver.
DEBUG - 2025-06-16 04:00:55 --> Session: Class initialized using 'CodeIgniter\Session\Handlers\FileHandler' driver.
DEBUG - 2025-06-16 04:00:57 --> Session: Class initialized using 'CodeIgniter\Session\Handlers\FileHandler' driver.
DEBUG - 2025-06-16 04:00:58 --> Session: Class initialized using 'CodeIgniter\Session\Handlers\FileHandler' driver.
DEBUG - 2025-06-16 04:01:22 --> Session: Class initialized using 'CodeIgniter\Session\Handlers\FileHandler' driver.
DEBUG - 2025-06-16 04:02:22 --> Session: Class initialized using 'CodeIgniter\Session\Handlers\FileHandler' driver.
CRITICAL - 2025-06-16 04:02:23 --> CodeIgniter\View\Exceptions\ViewException: Invalid file: "App\Views\Auth\login.php"
[Method: GET, Route: login]
in SYSTEMPATH\Exceptions\FrameworkException.php on line 39.
 1 SYSTEMPATH\View\View.php(212): CodeIgniter\Exceptions\FrameworkException::forInvalidFile('App\\Views\\Auth\\login.php')
 2 SYSTEMPATH\Common.php(1173): CodeIgniter\View\View->render('App\\Views\\Auth\\login', [], true)
 3 VENDORPATH\myth\auth\src\Controllers\AuthController.php(412): view('App\\Views\\Auth\\login', [...])
 4 VENDORPATH\myth\auth\src\Controllers\AuthController.php(58): Myth\Auth\Controllers\AuthController->_render('App\\Views\\Auth\\login', [...])
 5 SYSTEMPATH\CodeIgniter.php(933): Myth\Auth\Controllers\AuthController->login()
 6 SYSTEMPATH\CodeIgniter.php(507): CodeIgniter\CodeIgniter->runController(Object(Myth\Auth\Controllers\AuthController))
 7 SYSTEMPATH\CodeIgniter.php(354): CodeIgniter\CodeIgniter->handleRequest(null, Object(Config\Cache), false)
 8 SYSTEMPATH\Boot.php(334): CodeIgniter\CodeIgniter->run()
 9 SYSTEMPATH\Boot.php(67): CodeIgniter\Boot::runCodeIgniter(Object(CodeIgniter\CodeIgniter))
10 FCPATH\index.php(56): CodeIgniter\Boot::bootWeb(Object(Config\Paths))
11 SYSTEMPATH\rewrite.php(44): require_once('C:\\laragon\\www\\sistem_penilaian_dosen - Copy (2)\\public\\index.php')
DEBUG - 2025-06-16 04:14:13 --> Session: Class initialized using 'CodeIgniter\Session\Handlers\FileHandler' driver.
CRITICAL - 2025-06-16 04:14:13 --> CodeIgniter\View\Exceptions\ViewException: Invalid file: "App\Views\Auth\login.php"
[Method: GET, Route: login]
in SYSTEMPATH\Exceptions\FrameworkException.php on line 39.
 1 SYSTEMPATH\View\View.php(212): CodeIgniter\Exceptions\FrameworkException::forInvalidFile('App\\Views\\Auth\\login.php')
 2 SYSTEMPATH\Common.php(1173): CodeIgniter\View\View->render('App\\Views\\Auth\\login', [], true)
 3 VENDORPATH\myth\auth\src\Controllers\AuthController.php(412): view('App\\Views\\Auth\\login', [...])
 4 VENDORPATH\myth\auth\src\Controllers\AuthController.php(58): Myth\Auth\Controllers\AuthController->_render('App\\Views\\Auth\\login', [...])
 5 SYSTEMPATH\CodeIgniter.php(933): Myth\Auth\Controllers\AuthController->login()
 6 SYSTEMPATH\CodeIgniter.php(507): CodeIgniter\CodeIgniter->runController(Object(Myth\Auth\Controllers\AuthController))
 7 SYSTEMPATH\CodeIgniter.php(354): CodeIgniter\CodeIgniter->handleRequest(null, Object(Config\Cache), false)
 8 SYSTEMPATH\Boot.php(334): CodeIgniter\CodeIgniter->run()
 9 SYSTEMPATH\Boot.php(67): CodeIgniter\Boot::runCodeIgniter(Object(CodeIgniter\CodeIgniter))
10 FCPATH\index.php(56): CodeIgniter\Boot::bootWeb(Object(Config\Paths))
11 SYSTEMPATH\rewrite.php(44): require_once('C:\\laragon\\www\\sistem_penilaian_dosen - Copy (2)\\public\\index.php')
CRITICAL - 2025-06-16 04:21:34 --> ArgumentCountError: Too few arguments to function Firebase\JWT\JWT::encode(), 2 passed in C:\laragon\www\sistem_penilaian_dosen - Copy (2)\app\Controllers\Login.php on line 43 and at least 3 expected
[Method: GET, Route: login]
in VENDORPATH\firebase\php-jwt\src\JWT.php on line 199.
 1 APPPATH\Controllers\Login.php(43): Firebase\JWT\JWT::encode([...], 'rahasia_super_aman_123')
 2 SYSTEMPATH\CodeIgniter.php(933): App\Controllers\Login->index()
 3 SYSTEMPATH\CodeIgniter.php(507): CodeIgniter\CodeIgniter->runController(Object(App\Controllers\Login))
 4 SYSTEMPATH\CodeIgniter.php(354): CodeIgniter\CodeIgniter->handleRequest(null, Object(Config\Cache), false)
 5 SYSTEMPATH\Boot.php(334): CodeIgniter\CodeIgniter->run()
 6 SYSTEMPATH\Boot.php(67): CodeIgniter\Boot::runCodeIgniter(Object(CodeIgniter\CodeIgniter))
 7 FCPATH\index.php(56): CodeIgniter\Boot::bootWeb(Object(Config\Paths))
 8 SYSTEMPATH\rewrite.php(44): require_once('C:\\laragon\\www\\sistem_penilaian_dosen - Copy (2)\\public\\index.php')
CRITICAL - 2025-06-16 04:23:16 --> ArgumentCountError: Too few arguments to function Firebase\JWT\JWT::encode(), 2 passed in C:\laragon\www\sistem_penilaian_dosen - Copy (2)\app\Controllers\Login.php on line 43 and at least 3 expected
[Method: POST, Route: login]
in VENDORPATH\firebase\php-jwt\src\JWT.php on line 199.
 1 APPPATH\Controllers\Login.php(43): Firebase\JWT\JWT::encode([...], 'rahasia_super_aman_123')
 2 SYSTEMPATH\CodeIgniter.php(933): App\Controllers\Login->index()
 3 SYSTEMPATH\CodeIgniter.php(507): CodeIgniter\CodeIgniter->runController(Object(App\Controllers\Login))
 4 SYSTEMPATH\CodeIgniter.php(354): CodeIgniter\CodeIgniter->handleRequest(null, Object(Config\Cache), false)
 5 SYSTEMPATH\Boot.php(334): CodeIgniter\CodeIgniter->run()
 6 SYSTEMPATH\Boot.php(67): CodeIgniter\Boot::runCodeIgniter(Object(CodeIgniter\CodeIgniter))
 7 FCPATH\index.php(56): CodeIgniter\Boot::bootWeb(Object(Config\Paths))
 8 SYSTEMPATH\rewrite.php(44): require_once('C:\\laragon\\www\\sistem_penilaian_dosen - Copy (2)\\public\\index.php')
CRITICAL - 2025-06-16 04:51:39 --> ArgumentCountError: Too few arguments to function Firebase\JWT\JWT::encode(), 2 passed in C:\laragon\www\sistem_penilaian_dosen - Copy (2)\app\Controllers\Login.php on line 43 and at least 3 expected
[Method: POST, Route: login]
in VENDORPATH\firebase\php-jwt\src\JWT.php on line 199.
 1 APPPATH\Controllers\Login.php(43): Firebase\JWT\JWT::encode([...], 'rahasia_super_aman_123')
 2 SYSTEMPATH\CodeIgniter.php(933): App\Controllers\Login->index()
 3 SYSTEMPATH\CodeIgniter.php(507): CodeIgniter\CodeIgniter->runController(Object(App\Controllers\Login))
 4 SYSTEMPATH\CodeIgniter.php(354): CodeIgniter\CodeIgniter->handleRequest(null, Object(Config\Cache), false)
 5 SYSTEMPATH\Boot.php(334): CodeIgniter\CodeIgniter->run()
 6 SYSTEMPATH\Boot.php(67): CodeIgniter\Boot::runCodeIgniter(Object(CodeIgniter\CodeIgniter))
 7 FCPATH\index.php(56): CodeIgniter\Boot::bootWeb(Object(Config\Paths))
 8 SYSTEMPATH\rewrite.php(44): require_once('C:\\laragon\\www\\sistem_penilaian_dosen - Copy (2)\\public\\index.php')
DEBUG - 2025-06-16 05:01:10 --> Session: Class initialized using 'CodeIgniter\Session\Handlers\FileHandler' driver.
CRITICAL - 2025-06-16 05:01:10 --> CodeIgniter\View\Exceptions\ViewException: Invalid file: "App\Views\Auth\register.php"
[Method: GET, Route: register]
in SYSTEMPATH\Exceptions\FrameworkException.php on line 39.
 1 SYSTEMPATH\View\View.php(212): CodeIgniter\Exceptions\FrameworkException::forInvalidFile('App\\Views\\Auth\\register.php')
 2 SYSTEMPATH\Common.php(1173): CodeIgniter\View\View->render('App\\Views\\Auth\\register', [], true)
 3 VENDORPATH\myth\auth\src\Controllers\AuthController.php(412): view('App\\Views\\Auth\\register', [...])
 4 VENDORPATH\myth\auth\src\Controllers\AuthController.php(133): Myth\Auth\Controllers\AuthController->_render('App\\Views\\Auth\\register', [...])
 5 SYSTEMPATH\CodeIgniter.php(933): Myth\Auth\Controllers\AuthController->register()
 6 SYSTEMPATH\CodeIgniter.php(507): CodeIgniter\CodeIgniter->runController(Object(Myth\Auth\Controllers\AuthController))
 7 SYSTEMPATH\CodeIgniter.php(354): CodeIgniter\CodeIgniter->handleRequest(null, Object(Config\Cache), false)
 8 SYSTEMPATH\Boot.php(334): CodeIgniter\CodeIgniter->run()
 9 SYSTEMPATH\Boot.php(67): CodeIgniter\Boot::runCodeIgniter(Object(CodeIgniter\CodeIgniter))
10 FCPATH\index.php(56): CodeIgniter\Boot::bootWeb(Object(Config\Paths))
11 SYSTEMPATH\rewrite.php(44): require_once('C:\\laragon\\www\\sistem_penilaian_dosen - Copy (2)\\public\\index.php')
